<?xml version="1.0" encoding="UTF-8"?>
<robot generator="Robot 7.0 (Python 3.8.2 on win32)" generated="2024-02-05T15:53:57.220738" rpa="false" schemaversion="5">
<suite id="s1" name="TC-004 POST Request" source="C:\Users\hp\PycharmProjects\RobotAPIAutomation\TC-004_POST_Request.robot">
<test id="s1-t1" name="TC_004_ADD_NEW_RESOURCE_POST_REQUEST" line="8">
<kw name="Create Session" owner="RequestsLibrary">
<msg time="2024-02-05T15:53:58.044737" level="INFO">Creating Session using : alias=ADD_NEW_STUDENT, url=https://thetestingworldapi.com/, headers={},                     cookies={}, auth=None, timeout=None, proxies=None, verify=False,                     debug=0 </msg>
<arg>ADD_NEW_STUDENT</arg>
<arg>${base_url}</arg>
<doc>Create Session: create a HTTP session to a server</doc>
<status status="PASS" start="2024-02-05T15:53:58.042715" elapsed="0.002022"/>
</kw>
<kw name="Create Dictionary" owner="BuiltIn">
<msg time="2024-02-05T15:53:58.046733" level="INFO">&amp;{header} = { Content-Type=application/json }</msg>
<var>&amp;{header}</var>
<arg>Content-Type=application/json</arg>
<doc>Creates and returns a dictionary based on the given ``items``.</doc>
<status status="PASS" start="2024-02-05T15:53:58.045733" elapsed="0.002003"/>
</kw>
<kw name="Create Dictionary" owner="BuiltIn">
<msg time="2024-02-05T15:53:58.048736" level="INFO">&amp;{body} = { first_name=Abhimanyu | middle_name=Hare | last_name=Kumar | date_of_birth=12/12/2000 }</msg>
<var>&amp;{body}</var>
<arg>first_name=Abhimanyu</arg>
<arg>middle_name=Hare</arg>
<arg>last_name=Kumar</arg>
<arg>date_of_birth=12/12/2000</arg>
<doc>Creates and returns a dictionary based on the given ``items``.</doc>
<status status="PASS" start="2024-02-05T15:53:58.047736" elapsed="0.001000"/>
</kw>
<kw name="Post Request" owner="RequestsLibrary">
<msg time="2024-02-05T15:53:58.049734" level="WARN">Keyword 'RequestsLibrary.Post Request' is deprecated. Please use `POST On Session` instead.</msg>
<msg time="2024-02-05T15:53:58.171748" level="INFO">POST Request : url=https://thetestingworldapi.com/api/studentsDetails 
 path_url=/api/studentsDetails 
 headers={'User-Agent': 'python-requests/2.31.0', 'Accept-Encoding': 'gzip, deflate', 'Accept': '*/*', 'Connection': 'keep-alive', 'Content-Type': 'application/json', 'Content-Length': '103'} 
 body={"first_name": "Abhimanyu", "middle_name": "Hare", "last_name": "Kumar", "date_of_birth": "12/12/2000"} 
 </msg>
<msg time="2024-02-05T15:53:58.171748" level="INFO">POST Response : url=https://thetestingworldapi.com/api/studentsDetails 
 status=201, reason=Created 
 headers={'Cache-Control': 'no-cache', 'Pragma': 'no-cache', 'Content-Type': 'application/json; charset=utf-8', 'Expires': '-1', 'Location': 'https://thetestingworldapi.com/api/studentsDetails/10064178', 'Server': 'Microsoft-IIS/10.0', 'X-AspNet-Version': '4.0.30319', 'X-Powered-By': 'ASP.NET', 'X-Powered-By-Plesk': 'PleskWin', 'Date': 'Mon, 05 Feb 2024 10:23:56 GMT', 'Content-Length': '110'} 
 body={"id":10064178,"first_name":"Abhimanyu","middle_name":"Hare","last_name":"Kumar","date_of_birth":"12/12/2000"} 
 </msg>
<msg time="2024-02-05T15:53:58.172736" level="INFO">c:\python38\lib\site-packages\urllib3\connectionpool.py:1099: InsecureRequestWarning: Unverified HTTPS request is being made to host 'thetestingworldapi.com'. Adding certificate verification is strongly advised. See: https://urllib3.readthedocs.io/en/latest/advanced-usage.html#tls-warnings
  warnings.warn(</msg>
<msg time="2024-02-05T15:53:58.172736" level="INFO">${response} = &lt;Response [201]&gt;</msg>
<var>${response}</var>
<arg>ADD_NEW_STUDENT</arg>
<arg>api/studentsDetails</arg>
<arg>data=${body}</arg>
<arg>headers=${header}</arg>
<doc>*DEPRECATED* Please use `POST On Session` instead.</doc>
<status status="PASS" start="2024-02-05T15:53:58.049734" elapsed="0.123002"/>
</kw>
<kw name="Log To Console" owner="BuiltIn">
<arg>${response.status_code}</arg>
<doc>Logs the given message to the console.</doc>
<status status="PASS" start="2024-02-05T15:53:58.173735" elapsed="0.002007"/>
</kw>
<kw name="Should Be Equal As Numbers" owner="BuiltIn">
<msg time="2024-02-05T15:53:58.177716" level="INFO">Argument types are:
&lt;class 'int'&gt;
&lt;class 'str'&gt;</msg>
<arg>${response.status_code}</arg>
<arg>201</arg>
<doc>Fails if objects are unequal after converting them to real numbers.</doc>
<status status="PASS" start="2024-02-05T15:53:58.175742" elapsed="0.001974"/>
</kw>
<kw name="Log To Console" owner="BuiltIn">
<arg>${response.content}</arg>
<doc>Logs the given message to the console.</doc>
<status status="PASS" start="2024-02-05T15:53:58.178716" elapsed="0.002006"/>
</kw>
<status status="PASS" start="2024-02-05T15:53:58.039716" elapsed="0.141006"/>
</test>
<status status="PASS" start="2024-02-05T15:53:57.227758" elapsed="0.954965"/>
</suite>
<statistics>
<total>
<stat pass="1" fail="0" skip="0">All Tests</stat>
</total>
<tag>
</tag>
<suite>
<stat pass="1" fail="0" skip="0" id="s1" name="TC-004 POST Request">TC-004 POST Request</stat>
</suite>
</statistics>
<errors>
<msg time="2024-02-05T15:53:58.049734" level="WARN">Keyword 'RequestsLibrary.Post Request' is deprecated. Please use `POST On Session` instead.</msg>
</errors>
</robot>
