<?xml version="1.0" encoding="UTF-8"?>
<robot generator="Robot 7.0 (Python 3.8.2 on win32)" generated="2024-02-08T16:25:09.193687" rpa="false" schemaversion="5">
<suite id="s1" name="TC 009 POST READ JSON" source="C:\Users\hp\PycharmProjects\RobotAPIAutomation\TC_009_POST_READ_JSON.robot">
<test id="s1-t1" name="TC_009_Create_New-Resources" line="9">
<kw name="Create Session" owner="RequestsLibrary">
<msg time="2024-02-08T16:25:10.041235" level="INFO">Creating Session using : alias=AddData, url=https://thetestingworldapi.com/, headers={},                     cookies={}, auth=None, timeout=None, proxies=None, verify=False,                     debug=0 </msg>
<arg>AddData</arg>
<arg>${base_url}</arg>
<doc>Create Session: create a HTTP session to a server</doc>
<status status="PASS" start="2024-02-08T16:25:10.040220" elapsed="0.002009"/>
</kw>
<kw name="Create Dictionary" owner="BuiltIn">
<msg time="2024-02-08T16:25:10.044229" level="INFO">${header} = {'Content-Type': 'application/json'}</msg>
<var>${header}</var>
<arg>Content-Type=application/json</arg>
<doc>Creates and returns a dictionary based on the given ``items``.</doc>
<status status="PASS" start="2024-02-08T16:25:10.043233" elapsed="0.000996"/>
</kw>
<kw name="Fetch Request Content" owner="UserKeywords">
<kw name="Read Request Jsoncontent" owner="ReadJsonContent">
<msg time="2024-02-08T16:25:10.047229" level="INFO">${json_body} = {'first_name': 'Testing', 'middle_name': 'K', 'last_name': 'World', 'date_of_birth': '12/12/1998'}</msg>
<var>${json_body}</var>
<status status="PASS" start="2024-02-08T16:25:10.046228" elapsed="0.001001"/>
</kw>
<return>
<value>${json_body}</value>
<status status="PASS" start="2024-02-08T16:25:10.047229" elapsed="0.000000"/>
</return>
<msg time="2024-02-08T16:25:10.048233" level="INFO">${jsoncontent} = {'first_name': 'Testing', 'middle_name': 'K', 'last_name': 'World', 'date_of_birth': '12/12/1998'}</msg>
<var>${jsoncontent}</var>
<status status="PASS" start="2024-02-08T16:25:10.045233" elapsed="0.003000"/>
</kw>
<kw name="Log To Console" owner="BuiltIn">
<arg>${jsoncontent}</arg>
<doc>Logs the given message to the console.</doc>
<status status="PASS" start="2024-02-08T16:25:10.048233" elapsed="0.000995"/>
</kw>
<kw name="Post Request" owner="RequestsLibrary">
<msg time="2024-02-08T16:25:10.050180" level="WARN">Keyword 'RequestsLibrary.Post Request' is deprecated. Please use `POST On Session` instead.</msg>
<msg time="2024-02-08T16:25:10.865942" level="INFO">POST Request : url=https://thetestingworldapi.com/api/studentsDetails 
 path_url=/api/studentsDetails 
 headers={'User-Agent': 'python-requests/2.31.0', 'Accept-Encoding': 'gzip, deflate', 'Accept': '*/*', 'Connection': 'keep-alive', 'Content-Type': 'application/json', 'Content-Length': '98'} 
 body={"first_name": "Testing", "middle_name": "K", "last_name": "World", "date_of_birth": "12/12/1998"} 
 </msg>
<msg time="2024-02-08T16:25:10.865942" level="INFO">POST Response : url=https://thetestingworldapi.com/api/studentsDetails 
 status=201, reason=Created 
 headers={'Cache-Control': 'no-cache', 'Pragma': 'no-cache', 'Content-Type': 'application/json; charset=utf-8', 'Expires': '-1', 'Location': 'https://thetestingworldapi.com/api/studentsDetails/10065206', 'Server': 'Microsoft-IIS/10.0', 'X-AspNet-Version': '4.0.30319', 'X-Powered-By': 'ASP.NET', 'X-Powered-By-Plesk': 'PleskWin', 'Date': 'Thu, 08 Feb 2024 10:55:10 GMT', 'Content-Length': '105'} 
 body={"id":10065206,"first_name":"Testing","middle_name":"K","last_name":"World","date_of_birth":"12/12/1998"} 
 </msg>
<msg time="2024-02-08T16:25:10.866941" level="INFO">c:\python38\lib\site-packages\urllib3\connectionpool.py:1099: InsecureRequestWarning: Unverified HTTPS request is being made to host 'thetestingworldapi.com'. Adding certificate verification is strongly advised. See: https://urllib3.readthedocs.io/en/latest/advanced-usage.html#tls-warnings
  warnings.warn(</msg>
<msg time="2024-02-08T16:25:10.867940" level="INFO">${response} = &lt;Response [201]&gt;</msg>
<var>${response}</var>
<arg>AddData</arg>
<arg>api/studentsDetails</arg>
<arg>headers=${header}</arg>
<arg>data=${jsoncontent}</arg>
<doc>*DEPRECATED* Please use `POST On Session` instead.</doc>
<status status="PASS" start="2024-02-08T16:25:10.050180" elapsed="0.817760"/>
</kw>
<kw name="Log To Console" owner="BuiltIn">
<arg>${response.content}</arg>
<doc>Logs the given message to the console.</doc>
<status status="PASS" start="2024-02-08T16:25:10.868918" elapsed="0.005000"/>
</kw>
<kw name="Log To Console" owner="BuiltIn">
<arg>${response.status_code}</arg>
<doc>Logs the given message to the console.</doc>
<status status="PASS" start="2024-02-08T16:25:10.874926" elapsed="0.004994"/>
</kw>
<kw name="Should Be Equal As Numbers" owner="BuiltIn">
<msg time="2024-02-08T16:25:10.885475" level="INFO">Argument types are:
&lt;class 'int'&gt;
&lt;class 'str'&gt;</msg>
<arg>${response.status_code}</arg>
<arg>201</arg>
<doc>Fails if objects are unequal after converting them to real numbers.</doc>
<status status="PASS" start="2024-02-08T16:25:10.880921" elapsed="0.004554"/>
</kw>
<status status="PASS" start="2024-02-08T16:25:10.036230" elapsed="0.850288"/>
</test>
<status status="PASS" start="2024-02-08T16:25:09.199680" elapsed="1.687836"/>
</suite>
<statistics>
<total>
<stat pass="1" fail="0" skip="0">All Tests</stat>
</total>
<tag>
</tag>
<suite>
<stat pass="1" fail="0" skip="0" id="s1" name="TC 009 POST READ JSON">TC 009 POST READ JSON</stat>
</suite>
</statistics>
<errors>
<msg time="2024-02-08T16:25:10.022232" level="WARN">Error in file 'C:\Users\hp\PycharmProjects\RobotAPIAutomation\Resources\UserKeywords.robot' on line 19: The '[Return]' setting is deprecated. Use the 'RETURN' statement instead.</msg>
<msg time="2024-02-08T16:25:10.024236" level="WARN">Error in file 'C:\Users\hp\PycharmProjects\RobotAPIAutomation\Resources\UserKeywords.robot' on line 22: The '[Return]' setting is deprecated. Use the 'RETURN' statement instead.</msg>
<msg time="2024-02-08T16:25:10.050180" level="WARN">Keyword 'RequestsLibrary.Post Request' is deprecated. Please use `POST On Session` instead.</msg>
</errors>
</robot>
