<?xml version="1.0" encoding="UTF-8"?>
<robot generator="Robot 7.0 (Python 3.8.2 on win32)" generated="2024-02-08T12:21:18.664492" rpa="false" schemaversion="5">
<suite id="s1" name="TC 006 E2E" source="C:\Users\hp\PycharmProjects\RobotAPIAutomation\TC_006_E2E.robot">
<test id="s1-t1" name="TC_006_End_To_End_Test_Case" line="12">
<kw name="Create Session" owner="RequestsLibrary">
<msg time="2024-02-08T12:21:19.570536" level="INFO">Creating Session using : alias=E2E, url=https://thetestingworldapi.com/, headers={},                     cookies={}, auth=None, timeout=None, proxies=None, verify=False,                     debug=0 </msg>
<arg>E2E</arg>
<arg>${base_url}</arg>
<doc>Create Session: create a HTTP session to a server</doc>
<status status="PASS" start="2024-02-08T12:21:19.569535" elapsed="0.001001"/>
</kw>
<kw name="Create Dictionary" owner="BuiltIn">
<msg time="2024-02-08T12:21:19.573491" level="INFO">&amp;{header} = { Content-Type=application/json }</msg>
<var>&amp;{header}</var>
<arg>Content-Type=application/json</arg>
<doc>Creates and returns a dictionary based on the given ``items``.</doc>
<status status="PASS" start="2024-02-08T12:21:19.572493" elapsed="0.000998"/>
</kw>
<kw name="Create Dictionary" owner="BuiltIn">
<msg time="2024-02-08T12:21:19.575485" level="INFO">&amp;{body} = { first_name=Hello | middle_name=Hare_Krishna | last_name=Kumar | date_of_birth=12/12/1997 }</msg>
<var>&amp;{body}</var>
<arg>first_name=${original_first_name}</arg>
<arg>middle_name=Hare_Krishna</arg>
<arg>last_name=Kumar</arg>
<arg>date_of_birth=12/12/1997</arg>
<doc>Creates and returns a dictionary based on the given ``items``.</doc>
<status status="PASS" start="2024-02-08T12:21:19.574521" elapsed="0.000964"/>
</kw>
<kw name="Post Request" owner="RequestsLibrary">
<msg time="2024-02-08T12:21:19.576499" level="WARN">Keyword 'RequestsLibrary.Post Request' is deprecated. Please use `POST On Session` instead.</msg>
<msg time="2024-02-08T12:21:19.778535" level="INFO">POST Request : url=https://thetestingworldapi.com/api/studentsDetails 
 path_url=/api/studentsDetails 
 headers={'User-Agent': 'python-requests/2.31.0', 'Accept-Encoding': 'gzip, deflate', 'Accept': '*/*', 'Connection': 'keep-alive', 'Content-Type': 'application/json', 'Content-Length': '107'} 
 body={"first_name": "Hello", "middle_name": "Hare_Krishna", "last_name": "Kumar", "date_of_birth": "12/12/1997"} 
 </msg>
<msg time="2024-02-08T12:21:19.778535" level="INFO">POST Response : url=https://thetestingworldapi.com/api/studentsDetails 
 status=201, reason=Created 
 headers={'Cache-Control': 'no-cache', 'Pragma': 'no-cache', 'Content-Type': 'application/json; charset=utf-8', 'Expires': '-1', 'Location': 'https://thetestingworldapi.com/api/studentsDetails/10065138', 'Server': 'Microsoft-IIS/10.0', 'X-AspNet-Version': '4.0.30319', 'X-Powered-By': 'ASP.NET', 'X-Powered-By-Plesk': 'PleskWin', 'Date': 'Thu, 08 Feb 2024 06:51:19 GMT', 'Content-Length': '114'} 
 body={"id":10065138,"first_name":"Hello","middle_name":"Hare_Krishna","last_name":"Kumar","date_of_birth":"12/12/1997"} 
 </msg>
<msg time="2024-02-08T12:21:19.778535" level="INFO">c:\python38\lib\site-packages\urllib3\connectionpool.py:1099: InsecureRequestWarning: Unverified HTTPS request is being made to host 'thetestingworldapi.com'. Adding certificate verification is strongly advised. See: https://urllib3.readthedocs.io/en/latest/advanced-usage.html#tls-warnings
  warnings.warn(</msg>
<msg time="2024-02-08T12:21:19.779541" level="INFO">${post_res} = &lt;Response [201]&gt;</msg>
<var>${post_res}</var>
<arg>E2E</arg>
<arg>api/studentsDetails</arg>
<arg>headers=${header}</arg>
<arg>data=${body}</arg>
<doc>*DEPRECATED* Please use `POST On Session` instead.</doc>
<status status="PASS" start="2024-02-08T12:21:19.576499" elapsed="0.203042"/>
</kw>
<kw name="Log To Console" owner="BuiltIn">
<arg>${post_res.status_code}</arg>
<doc>Logs the given message to the console.</doc>
<status status="PASS" start="2024-02-08T12:21:19.780536" elapsed="0.000993"/>
</kw>
<kw name="Log To Console" owner="BuiltIn">
<arg>${post_res.content}</arg>
<doc>Logs the given message to the console.</doc>
<status status="PASS" start="2024-02-08T12:21:19.782549" elapsed="0.001980"/>
</kw>
<kw name="To Json" owner="RequestsLibrary">
<msg time="2024-02-08T12:21:19.785519" level="WARN">Keyword 'RequestsLibrary.To Json' is deprecated. Please use ${resp.json()} instead. Have a look at the improved HTML output as pretty printing replacement.</msg>
<msg time="2024-02-08T12:21:19.788556" level="INFO">To JSON using : content={"id":10065138,"first_name":"Hello","middle_name":"Hare_Krishna","last_name":"Kumar","date_of_birth":"12/12/1997"} </msg>
<msg time="2024-02-08T12:21:19.788556" level="INFO">To JSON using : pretty_print=False </msg>
<msg time="2024-02-08T12:21:19.788556" level="INFO">${json_resp} = {'id': 10065138, 'first_name': 'Hello', 'middle_name': 'Hare_Krishna', 'last_name': 'Kumar', 'date_of_birth': '12/12/1997'}</msg>
<var>${json_resp}</var>
<arg>${post_res.content}</arg>
<doc>*DEPRECATED* Please use ${resp.json()} instead. Have a look at the improved HTML output as pretty printing replacement.</doc>
<status status="PASS" start="2024-02-08T12:21:19.785519" elapsed="0.003037"/>
</kw>
<kw name="Get Value From Json" owner="JSONLibrary">
<msg time="2024-02-08T12:21:19.916527" level="INFO">@{id_list} = [ 10065138 ]</msg>
<var>@{id_list}</var>
<arg>${json_resp}</arg>
<arg>id</arg>
<doc>Get Value From JSON using JSONPath</doc>
<status status="PASS" start="2024-02-08T12:21:19.789529" elapsed="0.128000"/>
</kw>
<kw name="Get From List" owner="Collections">
<msg time="2024-02-08T12:21:19.918511" level="INFO">${id} = 10065138</msg>
<var>${id}</var>
<arg>${id_list}</arg>
<arg>0</arg>
<doc>Returns the value specified with an ``index`` from ``list``.</doc>
<status status="PASS" start="2024-02-08T12:21:19.917529" elapsed="0.001991"/>
</kw>
<kw name="Log To Console" owner="BuiltIn">
<arg>${id}</arg>
<doc>Logs the given message to the console.</doc>
<status status="PASS" start="2024-02-08T12:21:19.919520" elapsed="0.000992"/>
</kw>
<kw name="Create Dictionary" owner="BuiltIn">
<msg time="2024-02-08T12:21:19.922537" level="INFO">${put_body} = {'id': 10065138, 'first_name': 'Abhimanyu', 'middle_name': 'Gauranga', 'last_name': 'Kumar', 'date_of_birth': '16/02/1997'}</msg>
<var>${put_body}</var>
<arg>id=${id}</arg>
<arg>first_name=${update_first_name}</arg>
<arg>middle_name=Gauranga</arg>
<arg>last_name=Kumar</arg>
<arg>date_of_birth=16/02/1997</arg>
<doc>Creates and returns a dictionary based on the given ``items``.</doc>
<status status="PASS" start="2024-02-08T12:21:19.920512" elapsed="0.002025"/>
</kw>
<kw name="Put Request" owner="RequestsLibrary">
<msg time="2024-02-08T12:21:19.922537" level="WARN">Keyword 'RequestsLibrary.Put Request' is deprecated. Please use `PUT On Session` instead.</msg>
<msg time="2024-02-08T12:21:19.938685" level="INFO">PUT Request : url=https://thetestingworldapi.com/api/studentsDetails/10065138 
 path_url=/api/studentsDetails/10065138 
 headers={'User-Agent': 'python-requests/2.31.0', 'Accept-Encoding': 'gzip, deflate', 'Accept': '*/*', 'Connection': 'keep-alive', 'Content-Type': 'application/json', 'Content-Length': '123'} 
 body={"id": 10065138, "first_name": "Abhimanyu", "middle_name": "Gauranga", "last_name": "Kumar", "date_of_birth": "16/02/1997"} 
 </msg>
<msg time="2024-02-08T12:21:19.939698" level="INFO">PUT Response : url=https://thetestingworldapi.com/api/studentsDetails/10065138 
 status=200, reason=OK 
 headers={'Cache-Control': 'no-cache', 'Pragma': 'no-cache', 'Content-Type': 'application/json; charset=utf-8', 'Expires': '-1', 'Server': 'Microsoft-IIS/10.0', 'X-AspNet-Version': '4.0.30319', 'X-Powered-By': 'ASP.NET', 'X-Powered-By-Plesk': 'PleskWin', 'Date': 'Thu, 08 Feb 2024 06:51:19 GMT', 'Content-Length': '46'} 
 body={"status":"true","msg":"update  data success"} 
 </msg>
<msg time="2024-02-08T12:21:19.939698" level="INFO">c:\python38\lib\site-packages\urllib3\connectionpool.py:1099: InsecureRequestWarning: Unverified HTTPS request is being made to host 'thetestingworldapi.com'. Adding certificate verification is strongly advised. See: https://urllib3.readthedocs.io/en/latest/advanced-usage.html#tls-warnings
  warnings.warn(</msg>
<msg time="2024-02-08T12:21:19.940685" level="INFO">${put_resp} = &lt;Response [200]&gt;</msg>
<var>${put_resp}</var>
<arg>E2E</arg>
<arg>api/studentsDetails/${id}</arg>
<arg>headers=${header}</arg>
<arg>data=${put_body}</arg>
<doc>*DEPRECATED* Please use `PUT On Session` instead.</doc>
<status status="PASS" start="2024-02-08T12:21:19.922537" elapsed="0.018148"/>
</kw>
<kw name="Log To Console" owner="BuiltIn">
<arg>${put_resp.status_code}</arg>
<doc>Logs the given message to the console.</doc>
<status status="PASS" start="2024-02-08T12:21:19.940685" elapsed="0.002982"/>
</kw>
<kw name="Log To Console" owner="BuiltIn">
<arg>${put_resp.content}</arg>
<doc>Logs the given message to the console.</doc>
<status status="PASS" start="2024-02-08T12:21:19.943667" elapsed="0.001998"/>
</kw>
<kw name="Should Be Equal As Numbers" owner="BuiltIn">
<msg time="2024-02-08T12:21:19.948666" level="INFO">Argument types are:
&lt;class 'int'&gt;
&lt;class 'str'&gt;</msg>
<arg>${put_resp.status_code}</arg>
<arg>200</arg>
<doc>Fails if objects are unequal after converting them to real numbers.</doc>
<status status="PASS" start="2024-02-08T12:21:19.946671" elapsed="0.001995"/>
</kw>
<kw name="To Json" owner="RequestsLibrary">
<msg time="2024-02-08T12:21:19.949667" level="WARN">Keyword 'RequestsLibrary.To Json' is deprecated. Please use ${resp.json()} instead. Have a look at the improved HTML output as pretty printing replacement.</msg>
<msg time="2024-02-08T12:21:19.951662" level="INFO">To JSON using : content={"status":"true","msg":"update  data success"} </msg>
<msg time="2024-02-08T12:21:19.951662" level="INFO">To JSON using : pretty_print=False </msg>
<msg time="2024-02-08T12:21:19.952669" level="INFO">${put_resp_json} = {'status': 'true', 'msg': 'update  data success'}</msg>
<var>${put_resp_json}</var>
<arg>${put_resp.content}</arg>
<doc>*DEPRECATED* Please use ${resp.json()} instead. Have a look at the improved HTML output as pretty printing replacement.</doc>
<status status="PASS" start="2024-02-08T12:21:19.948666" elapsed="0.004003"/>
</kw>
<kw name="Get Value From Json" owner="JSONLibrary">
<msg time="2024-02-08T12:21:20.030680" level="INFO">@{status_list} = [ true ]</msg>
<var>@{status_list}</var>
<arg>${put_resp_json}</arg>
<arg>status</arg>
<doc>Get Value From JSON using JSONPath</doc>
<status status="PASS" start="2024-02-08T12:21:19.953670" elapsed="0.077010"/>
</kw>
<kw name="Get From List" owner="Collections">
<msg time="2024-02-08T12:21:20.032682" level="INFO">${status} = true</msg>
<var>${status}</var>
<arg>${status_list}</arg>
<arg>0</arg>
<doc>Returns the value specified with an ``index`` from ``list``.</doc>
<status status="PASS" start="2024-02-08T12:21:20.031683" elapsed="0.000999"/>
</kw>
<kw name="Should Be Equal" owner="BuiltIn">
<arg>${status}</arg>
<arg>true</arg>
<doc>Fails if the given objects are unequal.</doc>
<status status="PASS" start="2024-02-08T12:21:20.032682" elapsed="0.000999"/>
</kw>
<kw name="Get Request" owner="RequestsLibrary">
<msg time="2024-02-08T12:21:20.033681" level="WARN">Keyword 'RequestsLibrary.Get Request' is deprecated. Please use `GET On Session` instead.</msg>
<msg time="2024-02-08T12:21:20.047702" level="INFO">GET Request : url=https://thetestingworldapi.com/api/studentsDetails/10065138 
 path_url=/api/studentsDetails/10065138 
 headers={'User-Agent': 'python-requests/2.31.0', 'Accept-Encoding': 'gzip, deflate', 'Accept': '*/*', 'Connection': 'keep-alive'} 
 body=None 
 </msg>
<msg time="2024-02-08T12:21:20.047702" level="INFO">GET Response : url=https://thetestingworldapi.com/api/studentsDetails/10065138 
 status=200, reason=OK 
 headers={'Cache-Control': 'no-cache', 'Pragma': 'no-cache', 'Content-Type': 'application/json; charset=utf-8', 'Expires': '-1', 'Server': 'Microsoft-IIS/10.0', 'X-AspNet-Version': '4.0.30319', 'X-Powered-By': 'ASP.NET', 'X-Powered-By-Plesk': 'PleskWin', 'Date': 'Thu, 08 Feb 2024 06:51:19 GMT', 'Content-Length': '139'} 
 body={"status":"true","data":{"id":10065138,"first_name":"Abhimanyu","middle_name":"Gauranga","last_name":"Kumar","date_of_birth":"16/02/1997"}} 
 </msg>
<msg time="2024-02-08T12:21:20.047702" level="INFO">c:\python38\lib\site-packages\urllib3\connectionpool.py:1099: InsecureRequestWarning: Unverified HTTPS request is being made to host 'thetestingworldapi.com'. Adding certificate verification is strongly advised. See: https://urllib3.readthedocs.io/en/latest/advanced-usage.html#tls-warnings
  warnings.warn(</msg>
<msg time="2024-02-08T12:21:20.048700" level="INFO">${get_response} = &lt;Response [200]&gt;</msg>
<var>${get_response}</var>
<arg>E2E</arg>
<arg>api/studentsDetails/${id}</arg>
<doc>*DEPRECATED* Please use `GET On Session` instead.</doc>
<status status="PASS" start="2024-02-08T12:21:20.033681" elapsed="0.015019"/>
</kw>
<kw name="Log To Console" owner="BuiltIn">
<arg>${get_response.content}</arg>
<doc>Logs the given message to the console.</doc>
<status status="PASS" start="2024-02-08T12:21:20.049701" elapsed="0.002986"/>
</kw>
<kw name="To Json" owner="RequestsLibrary">
<msg time="2024-02-08T12:21:20.053680" level="WARN">Keyword 'RequestsLibrary.To Json' is deprecated. Please use ${resp.json()} instead. Have a look at the improved HTML output as pretty printing replacement.</msg>
<msg time="2024-02-08T12:21:20.055667" level="INFO">To JSON using : content={"status":"true","data":{"id":10065138,"first_name":"Abhimanyu","middle_name":"Gauranga","last_name":"Kumar","date_of_birth":"16/02/1997"}} </msg>
<msg time="2024-02-08T12:21:20.055667" level="INFO">To JSON using : pretty_print=False </msg>
<msg time="2024-02-08T12:21:20.056667" level="INFO">${get_json} = {'status': 'true', 'data': {'id': 10065138, 'first_name': 'Abhimanyu', 'middle_name': 'Gauranga', 'last_name': 'Kumar', 'date_of_birth': '16/02/1997'}}</msg>
<var>${get_json}</var>
<arg>${get_response.content}</arg>
<doc>*DEPRECATED* Please use ${resp.json()} instead. Have a look at the improved HTML output as pretty printing replacement.</doc>
<status status="PASS" start="2024-02-08T12:21:20.053680" elapsed="0.002987"/>
</kw>
<kw name="Get Value From Json" owner="JSONLibrary">
<msg time="2024-02-08T12:21:20.132680" level="INFO">@{name_list} = [ Abhimanyu ]</msg>
<var>@{name_list}</var>
<arg>${get_json}</arg>
<arg>data.first_name</arg>
<doc>Get Value From JSON using JSONPath</doc>
<status status="PASS" start="2024-02-08T12:21:20.056667" elapsed="0.076013"/>
</kw>
<kw name="Get From List" owner="Collections">
<msg time="2024-02-08T12:21:20.133679" level="INFO">${first_name} = Abhimanyu</msg>
<var>${first_name}</var>
<arg>${name_list}</arg>
<arg>0</arg>
<doc>Returns the value specified with an ``index`` from ``list``.</doc>
<status status="PASS" start="2024-02-08T12:21:20.132680" elapsed="0.000999"/>
</kw>
<kw name="Should Be Equal" owner="BuiltIn">
<arg>${first_name}</arg>
<arg>${update_first_name}</arg>
<doc>Fails if the given objects are unequal.</doc>
<status status="PASS" start="2024-02-08T12:21:20.134679" elapsed="0.000989"/>
</kw>
<kw name="Get Value From Json" owner="JSONLibrary">
<msg time="2024-02-08T12:21:20.209682" level="INFO">@{m_name_list} = [ Gauranga ]</msg>
<var>@{m_name_list}</var>
<arg>${get_json}</arg>
<arg>data.middle_name</arg>
<doc>Get Value From JSON using JSONPath</doc>
<status status="PASS" start="2024-02-08T12:21:20.136710" elapsed="0.072972"/>
</kw>
<kw name="Get From List" owner="Collections">
<msg time="2024-02-08T12:21:20.210684" level="INFO">${middle_name} = Gauranga</msg>
<var>${middle_name}</var>
<arg>${m_name_list}</arg>
<arg>0</arg>
<doc>Returns the value specified with an ``index`` from ``list``.</doc>
<status status="PASS" start="2024-02-08T12:21:20.210684" elapsed="0.000000"/>
</kw>
<kw name="Should Be Equal" owner="BuiltIn">
<arg>${middle_name}</arg>
<arg>Gauranga</arg>
<doc>Fails if the given objects are unequal.</doc>
<status status="PASS" start="2024-02-08T12:21:20.211682" elapsed="0.000000"/>
</kw>
<kw name="Get Value From Json" owner="JSONLibrary">
<msg time="2024-02-08T12:21:20.280681" level="INFO">@{l_name_list} = [ Kumar ]</msg>
<var>@{l_name_list}</var>
<arg>${get_json}</arg>
<arg>data.last_name</arg>
<doc>Get Value From JSON using JSONPath</doc>
<status status="PASS" start="2024-02-08T12:21:20.212684" elapsed="0.069002"/>
</kw>
<kw name="Get From List" owner="Collections">
<msg time="2024-02-08T12:21:20.282684" level="INFO">${last_name} = Kumar</msg>
<var>${last_name}</var>
<arg>${l_name_list}</arg>
<arg>0</arg>
<doc>Returns the value specified with an ``index`` from ``list``.</doc>
<status status="PASS" start="2024-02-08T12:21:20.281686" elapsed="0.000998"/>
</kw>
<kw name="Should Be Equal" owner="BuiltIn">
<arg>${last_name}</arg>
<arg>Kumar</arg>
<doc>Fails if the given objects are unequal.</doc>
<status status="PASS" start="2024-02-08T12:21:20.283683" elapsed="0.000000"/>
</kw>
<kw name="Delete Request" owner="RequestsLibrary">
<msg time="2024-02-08T12:21:20.284684" level="WARN">Keyword 'RequestsLibrary.Delete Request' is deprecated. Please use `DELETE On Session` instead.</msg>
<msg time="2024-02-08T12:21:20.297685" level="INFO">DELETE Request : url=https://thetestingworldapi.com/api/studentsDetails/10065138 
 path_url=/api/studentsDetails/10065138 
 headers={'User-Agent': 'python-requests/2.31.0', 'Accept-Encoding': 'gzip, deflate', 'Accept': '*/*', 'Connection': 'keep-alive', 'Content-Length': '0'} 
 body=None 
 </msg>
<msg time="2024-02-08T12:21:20.298697" level="INFO">DELETE Response : url=https://thetestingworldapi.com/api/studentsDetails/10065138 
 status=200, reason=OK 
 headers={'Cache-Control': 'no-cache', 'Pragma': 'no-cache', 'Content-Type': 'application/json; charset=utf-8', 'Expires': '-1', 'Server': 'Microsoft-IIS/10.0', 'X-AspNet-Version': '4.0.30319', 'X-Powered-By': 'ASP.NET', 'X-Powered-By-Plesk': 'PleskWin', 'Date': 'Thu, 08 Feb 2024 06:51:20 GMT', 'Content-Length': '46'} 
 body={"status":"true","msg":"Delete  data success"} 
 </msg>
<msg time="2024-02-08T12:21:20.298697" level="INFO">c:\python38\lib\site-packages\urllib3\connectionpool.py:1099: InsecureRequestWarning: Unverified HTTPS request is being made to host 'thetestingworldapi.com'. Adding certificate verification is strongly advised. See: https://urllib3.readthedocs.io/en/latest/advanced-usage.html#tls-warnings
  warnings.warn(</msg>
<msg time="2024-02-08T12:21:20.298697" level="INFO">${delete_response} = &lt;Response [200]&gt;</msg>
<var>${delete_response}</var>
<arg>E2E</arg>
<arg>api/studentsDetails/${id}</arg>
<doc>*DEPRECATED* Please use `DELETE On Session` instead.</doc>
<status status="PASS" start="2024-02-08T12:21:20.284684" elapsed="0.014013"/>
</kw>
<kw name="Log To Console" owner="BuiltIn">
<arg>${delete_response.status_code}</arg>
<doc>Logs the given message to the console.</doc>
<status status="PASS" start="2024-02-08T12:21:20.299690" elapsed="0.003023"/>
</kw>
<kw name="Log To Console" owner="BuiltIn">
<arg>${delete_response.content}</arg>
<doc>Logs the given message to the console.</doc>
<status status="PASS" start="2024-02-08T12:21:20.302713" elapsed="0.002987"/>
</kw>
<kw name="To Json" owner="RequestsLibrary">
<msg time="2024-02-08T12:21:20.305700" level="WARN">Keyword 'RequestsLibrary.To Json' is deprecated. Please use ${resp.json()} instead. Have a look at the improved HTML output as pretty printing replacement.</msg>
<msg time="2024-02-08T12:21:20.308683" level="INFO">To JSON using : content={"status":"true","msg":"Delete  data success"} </msg>
<msg time="2024-02-08T12:21:20.308683" level="INFO">To JSON using : pretty_print=False </msg>
<msg time="2024-02-08T12:21:20.308683" level="INFO">${json_delete} = {'status': 'true', 'msg': 'Delete  data success'}</msg>
<var>${json_delete}</var>
<arg>${delete_response.content}</arg>
<doc>*DEPRECATED* Please use ${resp.json()} instead. Have a look at the improved HTML output as pretty printing replacement.</doc>
<status status="PASS" start="2024-02-08T12:21:20.305700" elapsed="0.002983"/>
</kw>
<kw name="Get Value From Json" owner="JSONLibrary">
<msg time="2024-02-08T12:21:20.382680" level="INFO">@{Message} = [ true ]</msg>
<var>@{Message}</var>
<arg>${json_delete}</arg>
<arg>status</arg>
<doc>Get Value From JSON using JSONPath</doc>
<status status="PASS" start="2024-02-08T12:21:20.309682" elapsed="0.072998"/>
</kw>
<kw name="Get From List" owner="Collections">
<msg time="2024-02-08T12:21:20.384682" level="INFO">${statusM} = true</msg>
<var>${statusM}</var>
<arg>${Message}</arg>
<arg>0</arg>
<doc>Returns the value specified with an ``index`` from ``list``.</doc>
<status status="PASS" start="2024-02-08T12:21:20.383682" elapsed="0.001000"/>
</kw>
<kw name="Should Be Equal" owner="BuiltIn">
<arg>${statusM}</arg>
<arg>true</arg>
<doc>Fails if the given objects are unequal.</doc>
<status status="PASS" start="2024-02-08T12:21:20.385677" elapsed="0.000992"/>
</kw>
<status status="PASS" start="2024-02-08T12:21:19.565482" elapsed="0.821187"/>
</test>
<status status="PASS" start="2024-02-08T12:21:18.671499" elapsed="1.717176"/>
</suite>
<statistics>
<total>
<stat pass="1" fail="0" skip="0">All Tests</stat>
</total>
<tag>
</tag>
<suite>
<stat pass="1" fail="0" skip="0" id="s1" name="TC 006 E2E">TC 006 E2E</stat>
</suite>
</statistics>
<errors>
<msg time="2024-02-08T12:21:19.576499" level="WARN">Keyword 'RequestsLibrary.Post Request' is deprecated. Please use `POST On Session` instead.</msg>
<msg time="2024-02-08T12:21:19.785519" level="WARN">Keyword 'RequestsLibrary.To Json' is deprecated. Please use ${resp.json()} instead. Have a look at the improved HTML output as pretty printing replacement.</msg>
<msg time="2024-02-08T12:21:19.922537" level="WARN">Keyword 'RequestsLibrary.Put Request' is deprecated. Please use `PUT On Session` instead.</msg>
<msg time="2024-02-08T12:21:19.949667" level="WARN">Keyword 'RequestsLibrary.To Json' is deprecated. Please use ${resp.json()} instead. Have a look at the improved HTML output as pretty printing replacement.</msg>
<msg time="2024-02-08T12:21:20.033681" level="WARN">Keyword 'RequestsLibrary.Get Request' is deprecated. Please use `GET On Session` instead.</msg>
<msg time="2024-02-08T12:21:20.053680" level="WARN">Keyword 'RequestsLibrary.To Json' is deprecated. Please use ${resp.json()} instead. Have a look at the improved HTML output as pretty printing replacement.</msg>
<msg time="2024-02-08T12:21:20.284684" level="WARN">Keyword 'RequestsLibrary.Delete Request' is deprecated. Please use `DELETE On Session` instead.</msg>
<msg time="2024-02-08T12:21:20.305700" level="WARN">Keyword 'RequestsLibrary.To Json' is deprecated. Please use ${resp.json()} instead. Have a look at the improved HTML output as pretty printing replacement.</msg>
</errors>
</robot>
