<?xml version="1.0" encoding="UTF-8"?>
<robot generator="Robot 7.0 (Python 3.8.2 on win32)" generated="2024-02-08T14:40:22.201327" rpa="false" schemaversion="5">
<suite id="s1" name="TC 008 Validate Status Code Keyword" source="C:\Users\hp\PycharmProjects\RobotAPIAutomation\TC_008_Validate_Status_Code_Keyword.robot">
<test id="s1-t1" name="TC_008_FETCH_STUDENT_DETAILS_BY_ID" line="7">
<kw name="Fetch and Validate Get Status Code" owner="UserKeywords">
<kw name="Create Session" owner="RequestsLibrary">
<msg time="2024-02-08T14:40:23.094202" level="INFO">Creating Session using : alias=SName, url=https://thetestingworldapi.com/, headers={},                     cookies={}, auth=None, timeout=None, proxies=None, verify=False,                     debug=0 </msg>
<arg>SName</arg>
<arg>${base_url}</arg>
<doc>Create Session: create a HTTP session to a server</doc>
<status status="PASS" start="2024-02-08T14:40:23.094202" elapsed="0.001001"/>
</kw>
<kw name="Get Request" owner="RequestsLibrary">
<msg time="2024-02-08T14:40:23.096205" level="WARN">Keyword 'RequestsLibrary.Get Request' is deprecated. Please use `GET On Session` instead.</msg>
<msg time="2024-02-08T14:40:23.229251" level="INFO">GET Request : url=https://thetestingworldapi.com/api/studentsDetails/10065158 
 path_url=/api/studentsDetails/10065158 
 headers={'User-Agent': 'python-requests/2.31.0', 'Accept-Encoding': 'gzip, deflate', 'Accept': '*/*', 'Connection': 'keep-alive'} 
 body=None 
 </msg>
<msg time="2024-02-08T14:40:23.230260" level="INFO">GET Response : url=https://thetestingworldapi.com/api/studentsDetails/10065158 
 status=200, reason=OK 
 headers={'Cache-Control': 'no-cache', 'Pragma': 'no-cache', 'Content-Type': 'application/json; charset=utf-8', 'Expires': '-1', 'Server': 'Microsoft-IIS/10.0', 'X-AspNet-Version': '4.0.30319', 'X-Powered-By': 'ASP.NET', 'X-Powered-By-Plesk': 'PleskWin', 'Date': 'Thu, 08 Feb 2024 09:10:22 GMT', 'Content-Length': '40'} 
 body={"status":"false","msg":"No data Found"} 
 </msg>
<msg time="2024-02-08T14:40:23.230260" level="INFO">c:\python38\lib\site-packages\urllib3\connectionpool.py:1099: InsecureRequestWarning: Unverified HTTPS request is being made to host 'thetestingworldapi.com'. Adding certificate verification is strongly advised. See: https://urllib3.readthedocs.io/en/latest/advanced-usage.html#tls-warnings
  warnings.warn(</msg>
<msg time="2024-02-08T14:40:23.231232" level="INFO">${response} = &lt;Response [200]&gt;</msg>
<var>${response}</var>
<arg>SName</arg>
<arg>api/studentsDetails/${studentsId}</arg>
<doc>*DEPRECATED* Please use `GET On Session` instead.</doc>
<status status="PASS" start="2024-02-08T14:40:23.096205" elapsed="0.135027"/>
</kw>
<kw name="Convert To String" owner="BuiltIn">
<msg time="2024-02-08T14:40:23.233226" level="INFO">${statusC} = 200</msg>
<var>${statusC}</var>
<arg>${response.status_code}</arg>
<doc>Converts the given item to a Unicode string.</doc>
<status status="PASS" start="2024-02-08T14:40:23.231232" elapsed="0.002960"/>
</kw>
<kw name="Should Be Equal" owner="BuiltIn">
<arg>${statusC}</arg>
<arg>${expectedStatusCode}</arg>
<doc>Fails if the given objects are unequal.</doc>
<status status="PASS" start="2024-02-08T14:40:23.234192" elapsed="0.001033"/>
</kw>
<arg>10065158</arg>
<arg>200</arg>
<status status="PASS" start="2024-02-08T14:40:23.091201" elapsed="0.144024"/>
</kw>
<status status="PASS" start="2024-02-08T14:40:23.089197" elapsed="0.147004"/>
</test>
<status status="PASS" start="2024-02-08T14:40:22.207315" elapsed="1.029877"/>
</suite>
<statistics>
<total>
<stat pass="1" fail="0" skip="0">All Tests</stat>
</total>
<tag>
</tag>
<suite>
<stat pass="1" fail="0" skip="0" id="s1" name="TC 008 Validate Status Code Keyword">TC 008 Validate Status Code Keyword</stat>
</suite>
</statistics>
<errors>
<msg time="2024-02-08T14:40:23.096205" level="WARN">Keyword 'RequestsLibrary.Get Request' is deprecated. Please use `GET On Session` instead.</msg>
</errors>
</robot>
