<?xml version="1.0" encoding="UTF-8"?>
<robot generator="Robot 7.0 (Python 3.8.2 on win32)" generated="2024-02-05T13:40:46.894261" rpa="false" schemaversion="5">
<suite id="s1" name="TC 003 Delete Request" source="C:\Users\hp\PycharmProjects\RobotAPIAutomation\TC_003_Delete_Request.robot">
<test id="s1-t1" name="TC_003_DELETE_Request" line="8">
<kw name="Create Session" owner="RequestsLibrary">
<msg time="2024-02-05T13:40:47.719335" level="INFO">Creating Session using : alias=Delete_Request, url=https://thetestingworldapi.com/, headers={},                     cookies={}, auth=None, timeout=None, proxies=None, verify=False,                     debug=0 </msg>
<arg>Delete_Request</arg>
<arg>${base_url}</arg>
<doc>Create Session: create a HTTP session to a server</doc>
<status status="PASS" start="2024-02-05T13:40:47.718332" elapsed="0.001003"/>
</kw>
<kw name="DELETE On Session" owner="RequestsLibrary">
<msg time="2024-02-05T13:40:47.819306" level="INFO">DELETE Request : url=https://thetestingworldapi.com/api/studentsDetails/10064018 
 path_url=/api/studentsDetails/10064018 
 headers={'User-Agent': 'python-requests/2.31.0', 'Accept-Encoding': 'gzip, deflate', 'Accept': '*/*', 'Connection': 'keep-alive', 'Content-Length': '0'} 
 body=None 
 </msg>
<msg time="2024-02-05T13:40:47.819306" level="INFO">DELETE Response : url=https://thetestingworldapi.com/api/studentsDetails/10064018 
 status=200, reason=OK 
 headers={'Cache-Control': 'no-cache', 'Pragma': 'no-cache', 'Content-Type': 'application/json; charset=utf-8', 'Expires': '-1', 'Server': 'Microsoft-IIS/10.0', 'X-AspNet-Version': '4.0.30319', 'X-Powered-By': 'ASP.NET', 'X-Powered-By-Plesk': 'PleskWin', 'Date': 'Mon, 05 Feb 2024 08:10:47 GMT', 'Content-Length': '46'} 
 body={"status":"true","msg":"Delete  data success"} 
 </msg>
<msg time="2024-02-05T13:40:47.819306" level="INFO">c:\python38\lib\site-packages\urllib3\connectionpool.py:1099: InsecureRequestWarning: Unverified HTTPS request is being made to host 'thetestingworldapi.com'. Adding certificate verification is strongly advised. See: https://urllib3.readthedocs.io/en/latest/advanced-usage.html#tls-warnings
  warnings.warn(</msg>
<msg time="2024-02-05T13:40:47.820299" level="INFO">${response} = &lt;Response [200]&gt;</msg>
<var>${response}</var>
<arg>Delete_Request</arg>
<arg>api/studentsDetails/10064018</arg>
<doc>Sends a DELETE request on a previously created HTTP Session.</doc>
<status status="PASS" start="2024-02-05T13:40:47.720337" elapsed="0.099962"/>
</kw>
<kw name="Log To Console" owner="BuiltIn">
<arg>${response.status_code}</arg>
<doc>Logs the given message to the console.</doc>
<status status="PASS" start="2024-02-05T13:40:47.820299" elapsed="0.002990"/>
</kw>
<kw name="Convert To String" owner="BuiltIn">
<msg time="2024-02-05T13:40:47.825295" level="INFO">${code} = 200</msg>
<var>${code}</var>
<arg>${response.status_code}</arg>
<doc>Converts the given item to a Unicode string.</doc>
<status status="PASS" start="2024-02-05T13:40:47.823289" elapsed="0.002006"/>
</kw>
<kw name="Should Be Equal" owner="BuiltIn">
<arg>${code}</arg>
<arg>200</arg>
<doc>Fails if the given objects are unequal.</doc>
<status status="PASS" start="2024-02-05T13:40:47.826297" elapsed="0.000000"/>
</kw>
<kw name="Log To Console" owner="BuiltIn">
<arg>${response.content}</arg>
<doc>Logs the given message to the console.</doc>
<status status="PASS" start="2024-02-05T13:40:47.827295" elapsed="0.001999"/>
</kw>
<kw name="To Json" owner="RequestsLibrary">
<msg time="2024-02-05T13:40:47.830292" level="WARN">Keyword 'RequestsLibrary.To Json' is deprecated. Please use ${resp.json()} instead. Have a look at the improved HTML output as pretty printing replacement.</msg>
<msg time="2024-02-05T13:40:47.832300" level="INFO">To JSON using : content={"status":"true","msg":"Delete  data success"} </msg>
<msg time="2024-02-05T13:40:47.832300" level="INFO">To JSON using : pretty_print=False </msg>
<msg time="2024-02-05T13:40:47.833300" level="INFO">${json_response} = {'status': 'true', 'msg': 'Delete  data success'}</msg>
<var>${json_response}</var>
<arg>${response.content}</arg>
<doc>*DEPRECATED* Please use ${resp.json()} instead. Have a look at the improved HTML output as pretty printing replacement.</doc>
<status status="PASS" start="2024-02-05T13:40:47.829294" elapsed="0.004006"/>
</kw>
<kw name="Log To Console" owner="BuiltIn">
<arg>${json_response}</arg>
<doc>Logs the given message to the console.</doc>
<status status="PASS" start="2024-02-05T13:40:47.833300" elapsed="0.000999"/>
</kw>
<kw name="Get Value From Json" owner="JSONLibrary">
<msg time="2024-02-05T13:40:47.969330" level="INFO">@{status} = [ true ]</msg>
<var>@{status}</var>
<arg>${json_response}</arg>
<arg>status</arg>
<doc>Get Value From JSON using JSONPath</doc>
<status status="PASS" start="2024-02-05T13:40:47.835285" elapsed="0.134045"/>
</kw>
<kw name="Get From List" owner="Collections">
<msg time="2024-02-05T13:40:47.970337" level="INFO">${st} = true</msg>
<var>${st}</var>
<arg>${status}</arg>
<arg>0</arg>
<doc>Returns the value specified with an ``index`` from ``list``.</doc>
<status status="PASS" start="2024-02-05T13:40:47.970337" elapsed="0.000000"/>
</kw>
<kw name="Should Be Equal" owner="BuiltIn">
<arg>${st}</arg>
<arg>true</arg>
<doc>Fails if the given objects are unequal.</doc>
<status status="PASS" start="2024-02-05T13:40:47.971331" elapsed="0.000000"/>
</kw>
<status status="PASS" start="2024-02-05T13:40:47.714337" elapsed="0.257997"/>
</test>
<status status="PASS" start="2024-02-05T13:40:46.900268" elapsed="1.073032"/>
</suite>
<statistics>
<total>
<stat pass="1" fail="0" skip="0">All Tests</stat>
</total>
<tag>
</tag>
<suite>
<stat pass="1" fail="0" skip="0" id="s1" name="TC 003 Delete Request">TC 003 Delete Request</stat>
</suite>
</statistics>
<errors>
<msg time="2024-02-05T13:40:47.830292" level="WARN">Keyword 'RequestsLibrary.To Json' is deprecated. Please use ${resp.json()} instead. Have a look at the improved HTML output as pretty printing replacement.</msg>
</errors>
</robot>
