<?xml version="1.0" encoding="UTF-8"?>
<robot generator="Robot 7.0 (Python 3.8.2 on win32)" generated="2024-02-08T15:19:36.387248" rpa="false" schemaversion="5">
<suite id="s1" name="TC 008 Validate Status Code Keyword" source="C:\Users\hp\PycharmProjects\RobotAPIAutomation\TC_008_Validate_Status_Code_Keyword.robot">
<test id="s1-t1" name="TC_008_FETCH_STUDENT_DETAILS_BY_ID" line="7">
<kw name="Fetch and Validate Get Status Code" owner="UserKeywords">
<kw name="Create Session" owner="RequestsLibrary">
<msg time="2024-02-08T15:19:37.223118" level="INFO">Creating Session using : alias=SName, url=https://thetestingworldapi.com/, headers={},                     cookies={}, auth=None, timeout=None, proxies=None, verify=False,                     debug=0 </msg>
<arg>SName</arg>
<arg>${base_url}</arg>
<doc>Create Session: create a HTTP session to a server</doc>
<status status="PASS" start="2024-02-08T15:19:37.222117" elapsed="0.001001"/>
</kw>
<kw name="Get Request" owner="RequestsLibrary">
<msg time="2024-02-08T15:19:37.224127" level="WARN">Keyword 'RequestsLibrary.Get Request' is deprecated. Please use `GET On Session` instead.</msg>
<msg time="2024-02-08T15:19:38.104356" level="INFO">GET Request : url=https://thetestingworldapi.com/api/studentsDetails/10065158 
 path_url=/api/studentsDetails/10065158 
 headers={'User-Agent': 'python-requests/2.31.0', 'Accept-Encoding': 'gzip, deflate', 'Accept': '*/*', 'Connection': 'keep-alive'} 
 body=None 
 </msg>
<msg time="2024-02-08T15:19:38.105353" level="INFO">GET Response : url=https://thetestingworldapi.com/api/studentsDetails/10065158 
 status=200, reason=OK 
 headers={'Cache-Control': 'no-cache', 'Pragma': 'no-cache', 'Content-Type': 'application/json; charset=utf-8', 'Expires': '-1', 'Server': 'Microsoft-IIS/10.0', 'X-AspNet-Version': '4.0.30319', 'X-Powered-By': 'ASP.NET', 'X-Powered-By-Plesk': 'PleskWin', 'Date': 'Thu, 08 Feb 2024 09:49:37 GMT', 'Content-Length': '40'} 
 body={"status":"false","msg":"No data Found"} 
 </msg>
<msg time="2024-02-08T15:19:38.105353" level="INFO">c:\python38\lib\site-packages\urllib3\connectionpool.py:1099: InsecureRequestWarning: Unverified HTTPS request is being made to host 'thetestingworldapi.com'. Adding certificate verification is strongly advised. See: https://urllib3.readthedocs.io/en/latest/advanced-usage.html#tls-warnings
  warnings.warn(</msg>
<msg time="2024-02-08T15:19:38.107301" level="INFO">${response} = &lt;Response [200]&gt;</msg>
<var>${response}</var>
<arg>SName</arg>
<arg>api/studentsDetails/${studentsId}</arg>
<doc>*DEPRECATED* Please use `GET On Session` instead.</doc>
<status status="PASS" start="2024-02-08T15:19:37.224127" elapsed="0.883174"/>
</kw>
<kw name="Convert To String" owner="BuiltIn">
<msg time="2024-02-08T15:19:38.113351" level="INFO">${statusC} = 200</msg>
<var>${statusC}</var>
<arg>${response.status_code}</arg>
<doc>Converts the given item to a Unicode string.</doc>
<status status="PASS" start="2024-02-08T15:19:38.109355" elapsed="0.004997"/>
</kw>
<kw name="Should Be Equal" owner="BuiltIn">
<arg>${statusC}</arg>
<arg>${expectedStatusCode}</arg>
<doc>Fails if the given objects are unequal.</doc>
<status status="PASS" start="2024-02-08T15:19:38.115350" elapsed="0.002003"/>
</kw>
<arg>10065158</arg>
<arg>200</arg>
<status status="PASS" start="2024-02-08T15:19:37.219085" elapsed="0.899269"/>
</kw>
<kw name="Fetch and return Get Responnse" owner="UserKeywords">
<kw name="Create Session" owner="RequestsLibrary">
<msg time="2024-02-08T15:19:38.124293" level="INFO">Creating Session using : alias=SName, url=https://thetestingworldapi.com/, headers={},                     cookies={}, auth=None, timeout=None, proxies=None, verify=False,                     debug=0 </msg>
<arg>SName</arg>
<arg>${base_url}</arg>
<doc>Create Session: create a HTTP session to a server</doc>
<status status="PASS" start="2024-02-08T15:19:38.122351" elapsed="0.002945"/>
</kw>
<kw name="Get Request" owner="RequestsLibrary">
<msg time="2024-02-08T15:19:38.127301" level="WARN">Keyword 'RequestsLibrary.Get Request' is deprecated. Please use `GET On Session` instead.</msg>
<msg time="2024-02-08T15:19:38.216281" level="INFO">GET Request : url=https://thetestingworldapi.com/api/studentsDetails/10065158 
 path_url=/api/studentsDetails/10065158 
 headers={'User-Agent': 'python-requests/2.31.0', 'Accept-Encoding': 'gzip, deflate', 'Accept': '*/*', 'Connection': 'keep-alive'} 
 body=None 
 </msg>
<msg time="2024-02-08T15:19:38.216281" level="INFO">GET Response : url=https://thetestingworldapi.com/api/studentsDetails/10065158 
 status=200, reason=OK 
 headers={'Cache-Control': 'no-cache', 'Pragma': 'no-cache', 'Content-Type': 'application/json; charset=utf-8', 'Expires': '-1', 'Server': 'Microsoft-IIS/10.0', 'X-AspNet-Version': '4.0.30319', 'X-Powered-By': 'ASP.NET', 'X-Powered-By-Plesk': 'PleskWin', 'Date': 'Thu, 08 Feb 2024 09:49:37 GMT', 'Content-Length': '40'} 
 body={"status":"false","msg":"No data Found"} 
 </msg>
<msg time="2024-02-08T15:19:38.216281" level="INFO">c:\python38\lib\site-packages\urllib3\connectionpool.py:1099: InsecureRequestWarning: Unverified HTTPS request is being made to host 'thetestingworldapi.com'. Adding certificate verification is strongly advised. See: https://urllib3.readthedocs.io/en/latest/advanced-usage.html#tls-warnings
  warnings.warn(</msg>
<msg time="2024-02-08T15:19:38.217291" level="INFO">${response} = &lt;Response [200]&gt;</msg>
<var>${response}</var>
<arg>SName</arg>
<arg>api/studentsDetails/${studentsId}</arg>
<doc>*DEPRECATED* Please use `GET On Session` instead.</doc>
<status status="PASS" start="2024-02-08T15:19:38.127301" elapsed="0.089990"/>
</kw>
<return>
<value>${response}</value>
<status status="PASS" start="2024-02-08T15:19:38.217291" elapsed="0.000000"/>
</return>
<msg time="2024-02-08T15:19:38.218320" level="INFO">${response} = &lt;Response [200]&gt;</msg>
<var>${response}</var>
<arg>10065158</arg>
<status status="PASS" start="2024-02-08T15:19:38.120353" elapsed="0.097967"/>
</kw>
<kw name="Log To Console" owner="BuiltIn">
<arg>${response.status_code}</arg>
<doc>Logs the given message to the console.</doc>
<status status="PASS" start="2024-02-08T15:19:38.219311" elapsed="0.000995"/>
</kw>
<kw name="Log To Console" owner="BuiltIn">
<arg>${response.content}</arg>
<doc>Logs the given message to the console.</doc>
<status status="PASS" start="2024-02-08T15:19:38.221293" elapsed="0.002015"/>
</kw>
<kw name="Fetch and return Get Responnse" owner="UserKeywords">
<kw name="Create Session" owner="RequestsLibrary">
<msg time="2024-02-08T15:19:38.226309" level="INFO">Creating Session using : alias=SName, url=https://thetestingworldapi.com/, headers={},                     cookies={}, auth=None, timeout=None, proxies=None, verify=False,                     debug=0 </msg>
<arg>SName</arg>
<arg>${base_url}</arg>
<doc>Create Session: create a HTTP session to a server</doc>
<status status="PASS" start="2024-02-08T15:19:38.225318" elapsed="0.000991"/>
</kw>
<kw name="Get Request" owner="RequestsLibrary">
<msg time="2024-02-08T15:19:38.227309" level="WARN">Keyword 'RequestsLibrary.Get Request' is deprecated. Please use `GET On Session` instead.</msg>
<msg time="2024-02-08T15:19:38.302309" level="INFO">GET Request : url=https://thetestingworldapi.com/api/studentsDetails/10065153 
 path_url=/api/studentsDetails/10065153 
 headers={'User-Agent': 'python-requests/2.31.0', 'Accept-Encoding': 'gzip, deflate', 'Accept': '*/*', 'Connection': 'keep-alive'} 
 body=None 
 </msg>
<msg time="2024-02-08T15:19:38.302309" level="INFO">GET Response : url=https://thetestingworldapi.com/api/studentsDetails/10065153 
 status=200, reason=OK 
 headers={'Cache-Control': 'no-cache', 'Pragma': 'no-cache', 'Content-Type': 'application/json; charset=utf-8', 'Expires': '-1', 'Server': 'Microsoft-IIS/10.0', 'X-AspNet-Version': '4.0.30319', 'X-Powered-By': 'ASP.NET', 'X-Powered-By-Plesk': 'PleskWin', 'Date': 'Thu, 08 Feb 2024 09:49:37 GMT', 'Content-Length': '128'} 
 body={"status":"true","data":{"id":10065153,"first_name":"Hello","middle_name":"A","last_name":"Kumar","date_of_birth":"12/12/1997"}} 
 </msg>
<msg time="2024-02-08T15:19:38.303308" level="INFO">c:\python38\lib\site-packages\urllib3\connectionpool.py:1099: InsecureRequestWarning: Unverified HTTPS request is being made to host 'thetestingworldapi.com'. Adding certificate verification is strongly advised. See: https://urllib3.readthedocs.io/en/latest/advanced-usage.html#tls-warnings
  warnings.warn(</msg>
<msg time="2024-02-08T15:19:38.303308" level="INFO">${response} = &lt;Response [200]&gt;</msg>
<var>${response}</var>
<arg>SName</arg>
<arg>api/studentsDetails/${studentsId}</arg>
<doc>*DEPRECATED* Please use `GET On Session` instead.</doc>
<status status="PASS" start="2024-02-08T15:19:38.227309" elapsed="0.075999"/>
</kw>
<return>
<value>${response}</value>
<status status="PASS" start="2024-02-08T15:19:38.304299" elapsed="0.000000"/>
</return>
<msg time="2024-02-08T15:19:38.304299" level="INFO">${response1} = &lt;Response [200]&gt;</msg>
<var>${response1}</var>
<arg>10065153</arg>
<status status="PASS" start="2024-02-08T15:19:38.224283" elapsed="0.081039"/>
</kw>
<kw name="Log To Console" owner="BuiltIn">
<arg>${response1.status_code}</arg>
<doc>Logs the given message to the console.</doc>
<status status="PASS" start="2024-02-08T15:19:38.305322" elapsed="0.002965"/>
</kw>
<kw name="Log To Console" owner="BuiltIn">
<arg>${response1.content}</arg>
<doc>Logs the given message to the console.</doc>
<status status="PASS" start="2024-02-08T15:19:38.308287" elapsed="0.002998"/>
</kw>
<status status="PASS" start="2024-02-08T15:19:37.217076" elapsed="1.094209"/>
</test>
<status status="PASS" start="2024-02-08T15:19:36.393232" elapsed="1.920050"/>
</suite>
<statistics>
<total>
<stat pass="1" fail="0" skip="0">All Tests</stat>
</total>
<tag>
</tag>
<suite>
<stat pass="1" fail="0" skip="0" id="s1" name="TC 008 Validate Status Code Keyword">TC 008 Validate Status Code Keyword</stat>
</suite>
</statistics>
<errors>
<msg time="2024-02-08T15:19:37.209119" level="WARN">Error in file 'C:\Users\hp\PycharmProjects\RobotAPIAutomation\Resources\UserKeywords.robot' on line 18: The '[Return]' setting is deprecated. Use the 'RETURN' statement instead.</msg>
<msg time="2024-02-08T15:19:37.224127" level="WARN">Keyword 'RequestsLibrary.Get Request' is deprecated. Please use `GET On Session` instead.</msg>
<msg time="2024-02-08T15:19:38.127301" level="WARN">Keyword 'RequestsLibrary.Get Request' is deprecated. Please use `GET On Session` instead.</msg>
<msg time="2024-02-08T15:19:38.227309" level="WARN">Keyword 'RequestsLibrary.Get Request' is deprecated. Please use `GET On Session` instead.</msg>
</errors>
</robot>
