<?xml version="1.0" encoding="UTF-8"?>
<robot generator="Robot 7.0 (Python 3.8.2 on win32)" generated="2024-01-19T09:17:07.345368" rpa="false" schemaversion="5">
<suite id="s1" name="TC 001 Get Specific Students Details" source="C:\Users\hp\PycharmProjects\RobotAPIAutomation\TC_001_Get_Specific_Students_Details.robot">
<test id="s1-t1" name="TC_001_Fetch_Specific_Students_Details_By_Id" line="7">
<kw name="Create Session" owner="RequestsLibrary">
<msg time="2024-01-19T09:17:07.837389" level="INFO">Creating Session using : alias=Fetch_Data, url=https://thetestingworldapi.com/, headers={},                     cookies={}, auth=None, timeout=None, proxies=None, verify=False,                     debug=0 </msg>
<arg>Fetch_Data</arg>
<arg>${APP_BASE_URL}</arg>
<doc>Create Session: create a HTTP session to a server</doc>
<status status="PASS" start="2024-01-19T09:17:07.836380" elapsed="0.002007"/>
</kw>
<kw name="GET On Session" owner="RequestsLibrary">
<msg time="2024-01-19T09:17:07.976009" level="INFO">GET Request : url=https://thetestingworldapi.com/api/studentsDetails/10058032 
 path_url=/api/studentsDetails/10058032 
 headers={'User-Agent': 'python-requests/2.31.0', 'Accept-Encoding': 'gzip, deflate', 'Accept': '*/*', 'Connection': 'keep-alive'} 
 body=None 
 </msg>
<msg time="2024-01-19T09:17:07.976982" level="INFO">GET Response : url=https://thetestingworldapi.com/api/studentsDetails/10058032 
 status=200, reason=OK 
 headers={'Cache-Control': 'no-cache', 'Pragma': 'no-cache', 'Content-Type': 'application/json; charset=utf-8', 'Expires': '-1', 'Server': 'Microsoft-IIS/10.0', 'X-AspNet-Version': '4.0.30319', 'X-Powered-By': 'ASP.NET', 'X-Powered-By-Plesk': 'PleskWin', 'Date': 'Fri, 19 Jan 2024 03:47:07 GMT', 'Content-Length': '137'} 
 body={"status":"true","data":{"id":10058032,"first_name":"sanem","middle_name":"deneme3 ","last_name":"deneme4","date_of_birth":"11-12-2000"}} 
 </msg>
<msg time="2024-01-19T09:17:07.976982" level="INFO">c:\python38\lib\site-packages\urllib3\connectionpool.py:1099: InsecureRequestWarning: Unverified HTTPS request is being made to host 'thetestingworldapi.com'. Adding certificate verification is strongly advised. See: https://urllib3.readthedocs.io/en/latest/advanced-usage.html#tls-warnings
  warnings.warn(</msg>
<msg time="2024-01-19T09:17:07.976982" level="INFO">${Response} = &lt;Response [200]&gt;</msg>
<var>${Response}</var>
<arg>Fetch_Data</arg>
<arg>api/studentsDetails/${StudentID}</arg>
<doc>Sends a GET request on a previously created HTTP Session.</doc>
<status status="PASS" start="2024-01-19T09:17:07.838387" elapsed="0.138595"/>
</kw>
<kw name="Log To Console" owner="BuiltIn">
<arg>${Response.status_code}</arg>
<doc>Logs the given message to the console.</doc>
<status status="PASS" start="2024-01-19T09:17:07.978003" elapsed="0.001997"/>
</kw>
<kw name="Log To Console" owner="BuiltIn">
<arg>${Response.content}</arg>
<doc>Logs the given message to the console.</doc>
<status status="PASS" start="2024-01-19T09:17:07.980000" elapsed="0.002006"/>
</kw>
<kw name="Convert To String" owner="BuiltIn">
<msg time="2024-01-19T09:17:07.984997" level="INFO">${actual_code} = 200</msg>
<var>${actual_code}</var>
<arg>${Response.status_code}</arg>
<doc>Converts the given item to a Unicode string.</doc>
<status status="PASS" start="2024-01-19T09:17:07.982947" elapsed="0.002050"/>
</kw>
<kw name="Should Be Equal" owner="BuiltIn">
<arg>${actual_code}</arg>
<arg>200</arg>
<doc>Fails if the given objects are unequal.</doc>
<status status="PASS" start="2024-01-19T09:17:07.984997" elapsed="0.001004"/>
</kw>
<status status="PASS" start="2024-01-19T09:17:07.833374" elapsed="0.153578"/>
</test>
<status status="PASS" start="2024-01-19T09:17:07.351367" elapsed="0.636584"/>
</suite>
<statistics>
<total>
<stat pass="1" fail="0" skip="0">All Tests</stat>
</total>
<tag>
</tag>
<suite>
<stat pass="1" fail="0" skip="0" id="s1" name="TC 001 Get Specific Students Details">TC 001 Get Specific Students Details</stat>
</suite>
</statistics>
<errors>
</errors>
</robot>
