<?xml version="1.0" encoding="UTF-8"?>
<robot generator="Robot 7.0 (Python 3.8.2 on win32)" generated="2024-02-06T14:30:27.284363" rpa="false" schemaversion="5">
<suite id="s1" name="TC 006 E2E" source="C:\Users\hp\PycharmProjects\RobotAPIAutomation\TC_006_E2E.robot">
<test id="s1-t1" name="TC_006_End_To_End_Test_Case" line="12">
<kw name="Create Session" owner="RequestsLibrary">
<msg time="2024-02-06T14:30:28.169268" level="INFO">Creating Session using : alias=E2E, url=https://thetestingworldapi.com/, headers={},                     cookies={}, auth=None, timeout=None, proxies=None, verify=False,                     debug=0 </msg>
<arg>E2E</arg>
<arg>${base_url}</arg>
<doc>Create Session: create a HTTP session to a server</doc>
<status status="PASS" start="2024-02-06T14:30:28.168247" elapsed="0.002020"/>
</kw>
<kw name="Create Dictionary" owner="BuiltIn">
<msg time="2024-02-06T14:30:28.172268" level="INFO">&amp;{header} = { Content-Type=application/json }</msg>
<var>&amp;{header}</var>
<arg>Content-Type=application/json</arg>
<doc>Creates and returns a dictionary based on the given ``items``.</doc>
<status status="PASS" start="2024-02-06T14:30:28.171266" elapsed="0.001002"/>
</kw>
<kw name="Create Dictionary" owner="BuiltIn">
<msg time="2024-02-06T14:30:28.174266" level="INFO">&amp;{body} = { first_name=Hello | middle_name=Hare_Krishna | last_name=Kumar | date_of_birth=12/12/1997 }</msg>
<var>&amp;{body}</var>
<arg>first_name=${original_first_name}</arg>
<arg>middle_name=Hare_Krishna</arg>
<arg>last_name=Kumar</arg>
<arg>date_of_birth=12/12/1997</arg>
<doc>Creates and returns a dictionary based on the given ``items``.</doc>
<status status="PASS" start="2024-02-06T14:30:28.173265" elapsed="0.001001"/>
</kw>
<kw name="Post Request" owner="RequestsLibrary">
<msg time="2024-02-06T14:30:28.174266" level="WARN">Keyword 'RequestsLibrary.Post Request' is deprecated. Please use `POST On Session` instead.</msg>
<msg time="2024-02-06T14:30:30.169042" level="INFO">POST Request : url=https://thetestingworldapi.com/api/studentsDetails 
 path_url=/api/studentsDetails 
 headers={'User-Agent': 'python-requests/2.31.0', 'Accept-Encoding': 'gzip, deflate', 'Accept': '*/*', 'Connection': 'keep-alive', 'Content-Type': 'application/json', 'Content-Length': '107'} 
 body={"first_name": "Hello", "middle_name": "Hare_Krishna", "last_name": "Kumar", "date_of_birth": "12/12/1997"} 
 </msg>
<msg time="2024-02-06T14:30:30.170041" level="INFO">POST Response : url=https://thetestingworldapi.com/api/studentsDetails 
 status=201, reason=Created 
 headers={'Cache-Control': 'no-cache', 'Pragma': 'no-cache', 'Content-Type': 'application/json; charset=utf-8', 'Expires': '-1', 'Location': 'https://thetestingworldapi.com/api/studentsDetails/10064750', 'Server': 'Microsoft-IIS/10.0', 'X-AspNet-Version': '4.0.30319', 'X-Powered-By': 'ASP.NET', 'X-Powered-By-Plesk': 'PleskWin', 'Date': 'Tue, 06 Feb 2024 09:00:29 GMT', 'Content-Length': '114'} 
 body={"id":10064750,"first_name":"Hello","middle_name":"Hare_Krishna","last_name":"Kumar","date_of_birth":"12/12/1997"} 
 </msg>
<msg time="2024-02-06T14:30:30.170041" level="INFO">c:\python38\lib\site-packages\urllib3\connectionpool.py:1099: InsecureRequestWarning: Unverified HTTPS request is being made to host 'thetestingworldapi.com'. Adding certificate verification is strongly advised. See: https://urllib3.readthedocs.io/en/latest/advanced-usage.html#tls-warnings
  warnings.warn(</msg>
<msg time="2024-02-06T14:30:30.171039" level="INFO">${post_res} = &lt;Response [201]&gt;</msg>
<var>${post_res}</var>
<arg>E2E</arg>
<arg>api/studentsDetails</arg>
<arg>headers=${header}</arg>
<arg>data=${body}</arg>
<doc>*DEPRECATED* Please use `POST On Session` instead.</doc>
<status status="PASS" start="2024-02-06T14:30:28.174266" elapsed="1.996773"/>
</kw>
<kw name="Log To Console" owner="BuiltIn">
<arg>${post_res.status_code}</arg>
<doc>Logs the given message to the console.</doc>
<status status="PASS" start="2024-02-06T14:30:30.173041" elapsed="0.003999"/>
</kw>
<kw name="Log To Console" owner="BuiltIn">
<arg>${post_res.content}</arg>
<doc>Logs the given message to the console.</doc>
<status status="PASS" start="2024-02-06T14:30:30.179012" elapsed="0.004026"/>
</kw>
<kw name="To Json" owner="RequestsLibrary">
<msg time="2024-02-06T14:30:30.185023" level="WARN">Keyword 'RequestsLibrary.To Json' is deprecated. Please use ${resp.json()} instead. Have a look at the improved HTML output as pretty printing replacement.</msg>
<msg time="2024-02-06T14:30:30.189039" level="INFO">To JSON using : content={"id":10064750,"first_name":"Hello","middle_name":"Hare_Krishna","last_name":"Kumar","date_of_birth":"12/12/1997"} </msg>
<msg time="2024-02-06T14:30:30.190040" level="INFO">To JSON using : pretty_print=False </msg>
<msg time="2024-02-06T14:30:30.191012" level="INFO">${json_resp} = {'id': 10064750, 'first_name': 'Hello', 'middle_name': 'Hare_Krishna', 'last_name': 'Kumar', 'date_of_birth': '12/12/1997'}</msg>
<var>${json_resp}</var>
<arg>${post_res.content}</arg>
<doc>*DEPRECATED* Please use ${resp.json()} instead. Have a look at the improved HTML output as pretty printing replacement.</doc>
<status status="PASS" start="2024-02-06T14:30:30.185023" elapsed="0.005989"/>
</kw>
<kw name="Get Value From Json" owner="JSONLibrary">
<msg time="2024-02-06T14:30:30.362069" level="INFO">@{id_list} = [ 10064750 ]</msg>
<var>@{id_list}</var>
<arg>${json_resp}</arg>
<arg>id</arg>
<doc>Get Value From JSON using JSONPath</doc>
<status status="PASS" start="2024-02-06T14:30:30.192009" elapsed="0.170060"/>
</kw>
<kw name="Get From List" owner="Collections">
<msg time="2024-02-06T14:30:30.364013" level="INFO">${id} = 10064750</msg>
<var>${id}</var>
<arg>${id_list}</arg>
<arg>0</arg>
<doc>Returns the value specified with an ``index`` from ``list``.</doc>
<status status="PASS" start="2024-02-06T14:30:30.363087" elapsed="0.000926"/>
</kw>
<kw name="Log To Console" owner="BuiltIn">
<arg>${id}</arg>
<doc>Logs the given message to the console.</doc>
<status status="PASS" start="2024-02-06T14:30:30.365053" elapsed="0.000966"/>
</kw>
<kw name="Create Dictionary" owner="BuiltIn">
<msg time="2024-02-06T14:30:30.368018" level="INFO">${put_body} = {'id': 10064750, 'first_name': 'Abhimanyu', 'middle_name': 'Gauranga', 'last_name': 'Kumar', 'date_of_birth': '16/02/1997'}</msg>
<var>${put_body}</var>
<arg>id=${id}</arg>
<arg>first_name=${update_first_name}</arg>
<arg>middle_name=Gauranga</arg>
<arg>last_name=Kumar</arg>
<arg>date_of_birth=16/02/1997</arg>
<doc>Creates and returns a dictionary based on the given ``items``.</doc>
<status status="PASS" start="2024-02-06T14:30:30.366019" elapsed="0.001999"/>
</kw>
<kw name="Put Request" owner="RequestsLibrary">
<msg time="2024-02-06T14:30:30.369017" level="WARN">Keyword 'RequestsLibrary.Put Request' is deprecated. Please use `PUT On Session` instead.</msg>
<msg time="2024-02-06T14:30:30.456690" level="INFO">PUT Request : url=https://thetestingworldapi.com/api/studentsDetails/10064750 
 path_url=/api/studentsDetails/10064750 
 headers={'User-Agent': 'python-requests/2.31.0', 'Accept-Encoding': 'gzip, deflate', 'Accept': '*/*', 'Connection': 'keep-alive', 'Content-Type': 'application/json', 'Content-Length': '123'} 
 body={"id": 10064750, "first_name": "Abhimanyu", "middle_name": "Gauranga", "last_name": "Kumar", "date_of_birth": "16/02/1997"} 
 </msg>
<msg time="2024-02-06T14:30:30.456690" level="INFO">PUT Response : url=https://thetestingworldapi.com/api/studentsDetails/10064750 
 status=200, reason=OK 
 headers={'Cache-Control': 'no-cache', 'Pragma': 'no-cache', 'Content-Type': 'application/json; charset=utf-8', 'Expires': '-1', 'Server': 'Microsoft-IIS/10.0', 'X-AspNet-Version': '4.0.30319', 'X-Powered-By': 'ASP.NET', 'X-Powered-By-Plesk': 'PleskWin', 'Date': 'Tue, 06 Feb 2024 09:00:30 GMT', 'Content-Length': '46'} 
 body={"status":"true","msg":"update  data success"} 
 </msg>
<msg time="2024-02-06T14:30:30.457693" level="INFO">c:\python38\lib\site-packages\urllib3\connectionpool.py:1099: InsecureRequestWarning: Unverified HTTPS request is being made to host 'thetestingworldapi.com'. Adding certificate verification is strongly advised. See: https://urllib3.readthedocs.io/en/latest/advanced-usage.html#tls-warnings
  warnings.warn(</msg>
<msg time="2024-02-06T14:30:30.458695" level="INFO">${put_resp} = &lt;Response [200]&gt;</msg>
<var>${put_resp}</var>
<arg>E2E</arg>
<arg>api/studentsDetails/${id}</arg>
<arg>headers=${header}</arg>
<arg>data=${put_body}</arg>
<doc>*DEPRECATED* Please use `PUT On Session` instead.</doc>
<status status="PASS" start="2024-02-06T14:30:30.368018" elapsed="0.090677"/>
</kw>
<kw name="Log To Console" owner="BuiltIn">
<arg>${put_resp.status_code}</arg>
<doc>Logs the given message to the console.</doc>
<status status="PASS" start="2024-02-06T14:30:30.458695" elapsed="0.002997"/>
</kw>
<kw name="Log To Console" owner="BuiltIn">
<arg>${put_resp.content}</arg>
<doc>Logs the given message to the console.</doc>
<status status="PASS" start="2024-02-06T14:30:30.462689" elapsed="0.002997"/>
</kw>
<kw name="Should Be Equal As Numbers" owner="BuiltIn">
<msg time="2024-02-06T14:30:30.470714" level="INFO">Argument types are:
&lt;class 'int'&gt;
&lt;class 'str'&gt;</msg>
<arg>${put_resp.status_code}</arg>
<arg>200</arg>
<doc>Fails if objects are unequal after converting them to real numbers.</doc>
<status status="PASS" start="2024-02-06T14:30:30.466696" elapsed="0.004018"/>
</kw>
<kw name="To Json" owner="RequestsLibrary">
<msg time="2024-02-06T14:30:30.471704" level="WARN">Keyword 'RequestsLibrary.To Json' is deprecated. Please use ${resp.json()} instead. Have a look at the improved HTML output as pretty printing replacement.</msg>
<msg time="2024-02-06T14:30:30.473690" level="INFO">To JSON using : content={"status":"true","msg":"update  data success"} </msg>
<msg time="2024-02-06T14:30:30.473690" level="INFO">To JSON using : pretty_print=False </msg>
<msg time="2024-02-06T14:30:30.473690" level="INFO">${put_resp_json} = {'status': 'true', 'msg': 'update  data success'}</msg>
<var>${put_resp_json}</var>
<arg>${put_resp.content}</arg>
<doc>*DEPRECATED* Please use ${resp.json()} instead. Have a look at the improved HTML output as pretty printing replacement.</doc>
<status status="PASS" start="2024-02-06T14:30:30.470714" elapsed="0.002976"/>
</kw>
<kw name="Get Value From Json" owner="JSONLibrary">
<msg time="2024-02-06T14:30:30.563717" level="INFO">@{status_list} = [ true ]</msg>
<var>@{status_list}</var>
<arg>${put_resp_json}</arg>
<arg>status</arg>
<doc>Get Value From JSON using JSONPath</doc>
<status status="PASS" start="2024-02-06T14:30:30.474706" elapsed="0.089011"/>
</kw>
<kw name="Get From List" owner="Collections">
<msg time="2024-02-06T14:30:30.565688" level="INFO">${status} = true</msg>
<var>${status}</var>
<arg>${status_list}</arg>
<arg>0</arg>
<doc>Returns the value specified with an ``index`` from ``list``.</doc>
<status status="PASS" start="2024-02-06T14:30:30.564692" elapsed="0.000996"/>
</kw>
<kw name="Should Be Equal" owner="BuiltIn">
<arg>${status}</arg>
<arg>true</arg>
<doc>Fails if the given objects are unequal.</doc>
<status status="PASS" start="2024-02-06T14:30:30.566729" elapsed="0.001992"/>
</kw>
<status status="PASS" start="2024-02-06T14:30:28.164233" elapsed="2.405458"/>
</test>
<status status="PASS" start="2024-02-06T14:30:27.291352" elapsed="3.279339"/>
</suite>
<statistics>
<total>
<stat pass="1" fail="0" skip="0">All Tests</stat>
</total>
<tag>
</tag>
<suite>
<stat pass="1" fail="0" skip="0" id="s1" name="TC 006 E2E">TC 006 E2E</stat>
</suite>
</statistics>
<errors>
<msg time="2024-02-06T14:30:28.174266" level="WARN">Keyword 'RequestsLibrary.Post Request' is deprecated. Please use `POST On Session` instead.</msg>
<msg time="2024-02-06T14:30:30.185023" level="WARN">Keyword 'RequestsLibrary.To Json' is deprecated. Please use ${resp.json()} instead. Have a look at the improved HTML output as pretty printing replacement.</msg>
<msg time="2024-02-06T14:30:30.369017" level="WARN">Keyword 'RequestsLibrary.Put Request' is deprecated. Please use `PUT On Session` instead.</msg>
<msg time="2024-02-06T14:30:30.471704" level="WARN">Keyword 'RequestsLibrary.To Json' is deprecated. Please use ${resp.json()} instead. Have a look at the improved HTML output as pretty printing replacement.</msg>
</errors>
</robot>
