<?xml version="1.0" encoding="UTF-8"?>
<robot generator="Robot 7.0 (Python 3.8.2 on win32)" generated="2024-02-06T14:42:46.273570" rpa="false" schemaversion="5">
<suite id="s1" name="TC 006 E2E" source="C:\Users\hp\PycharmProjects\RobotAPIAutomation\TC_006_E2E.robot">
<test id="s1-t1" name="TC_006_End_To_End_Test_Case" line="12">
<kw name="Create Session" owner="RequestsLibrary">
<msg time="2024-02-06T14:42:47.153614" level="INFO">Creating Session using : alias=E2E, url=https://thetestingworldapi.com/, headers={},                     cookies={}, auth=None, timeout=None, proxies=None, verify=False,                     debug=0 </msg>
<arg>E2E</arg>
<arg>${base_url}</arg>
<doc>Create Session: create a HTTP session to a server</doc>
<status status="PASS" start="2024-02-06T14:42:47.152612" elapsed="0.002000"/>
</kw>
<kw name="Create Dictionary" owner="BuiltIn">
<msg time="2024-02-06T14:42:47.155612" level="INFO">&amp;{header} = { Content-Type=application/json }</msg>
<var>&amp;{header}</var>
<arg>Content-Type=application/json</arg>
<doc>Creates and returns a dictionary based on the given ``items``.</doc>
<status status="PASS" start="2024-02-06T14:42:47.154612" elapsed="0.002000"/>
</kw>
<kw name="Create Dictionary" owner="BuiltIn">
<msg time="2024-02-06T14:42:47.157613" level="INFO">&amp;{body} = { first_name=Hello | middle_name=Hare_Krishna | last_name=Kumar | date_of_birth=12/12/1997 }</msg>
<var>&amp;{body}</var>
<arg>first_name=${original_first_name}</arg>
<arg>middle_name=Hare_Krishna</arg>
<arg>last_name=Kumar</arg>
<arg>date_of_birth=12/12/1997</arg>
<doc>Creates and returns a dictionary based on the given ``items``.</doc>
<status status="PASS" start="2024-02-06T14:42:47.156612" elapsed="0.001001"/>
</kw>
<kw name="Post Request" owner="RequestsLibrary">
<msg time="2024-02-06T14:42:47.158611" level="WARN">Keyword 'RequestsLibrary.Post Request' is deprecated. Please use `POST On Session` instead.</msg>
<msg time="2024-02-06T14:42:47.535157" level="INFO">POST Request : url=https://thetestingworldapi.com/api/studentsDetails 
 path_url=/api/studentsDetails 
 headers={'User-Agent': 'python-requests/2.31.0', 'Accept-Encoding': 'gzip, deflate', 'Accept': '*/*', 'Connection': 'keep-alive', 'Content-Type': 'application/json', 'Content-Length': '107'} 
 body={"first_name": "Hello", "middle_name": "Hare_Krishna", "last_name": "Kumar", "date_of_birth": "12/12/1997"} 
 </msg>
<msg time="2024-02-06T14:42:47.536160" level="INFO">POST Response : url=https://thetestingworldapi.com/api/studentsDetails 
 status=201, reason=Created 
 headers={'Cache-Control': 'no-cache', 'Pragma': 'no-cache', 'Content-Type': 'application/json; charset=utf-8', 'Expires': '-1', 'Location': 'https://thetestingworldapi.com/api/studentsDetails/10064753', 'Server': 'Microsoft-IIS/10.0', 'X-AspNet-Version': '4.0.30319', 'X-Powered-By': 'ASP.NET', 'X-Powered-By-Plesk': 'PleskWin', 'Date': 'Tue, 06 Feb 2024 09:12:47 GMT', 'Content-Length': '114'} 
 body={"id":10064753,"first_name":"Hello","middle_name":"Hare_Krishna","last_name":"Kumar","date_of_birth":"12/12/1997"} 
 </msg>
<msg time="2024-02-06T14:42:47.537211" level="INFO">c:\python38\lib\site-packages\urllib3\connectionpool.py:1099: InsecureRequestWarning: Unverified HTTPS request is being made to host 'thetestingworldapi.com'. Adding certificate verification is strongly advised. See: https://urllib3.readthedocs.io/en/latest/advanced-usage.html#tls-warnings
  warnings.warn(</msg>
<msg time="2024-02-06T14:42:47.538175" level="INFO">${post_res} = &lt;Response [201]&gt;</msg>
<var>${post_res}</var>
<arg>E2E</arg>
<arg>api/studentsDetails</arg>
<arg>headers=${header}</arg>
<arg>data=${body}</arg>
<doc>*DEPRECATED* Please use `POST On Session` instead.</doc>
<status status="PASS" start="2024-02-06T14:42:47.158611" elapsed="0.379564"/>
</kw>
<kw name="Log To Console" owner="BuiltIn">
<arg>${post_res.status_code}</arg>
<doc>Logs the given message to the console.</doc>
<status status="PASS" start="2024-02-06T14:42:47.539172" elapsed="0.004000"/>
</kw>
<kw name="Log To Console" owner="BuiltIn">
<arg>${post_res.content}</arg>
<doc>Logs the given message to the console.</doc>
<status status="PASS" start="2024-02-06T14:42:47.545150" elapsed="0.004994"/>
</kw>
<kw name="To Json" owner="RequestsLibrary">
<msg time="2024-02-06T14:42:47.552148" level="WARN">Keyword 'RequestsLibrary.To Json' is deprecated. Please use ${resp.json()} instead. Have a look at the improved HTML output as pretty printing replacement.</msg>
<msg time="2024-02-06T14:42:47.557143" level="INFO">To JSON using : content={"id":10064753,"first_name":"Hello","middle_name":"Hare_Krishna","last_name":"Kumar","date_of_birth":"12/12/1997"} </msg>
<msg time="2024-02-06T14:42:47.557143" level="INFO">To JSON using : pretty_print=False </msg>
<msg time="2024-02-06T14:42:47.558143" level="INFO">${json_resp} = {'id': 10064753, 'first_name': 'Hello', 'middle_name': 'Hare_Krishna', 'last_name': 'Kumar', 'date_of_birth': '12/12/1997'}</msg>
<var>${json_resp}</var>
<arg>${post_res.content}</arg>
<doc>*DEPRECATED* Please use ${resp.json()} instead. Have a look at the improved HTML output as pretty printing replacement.</doc>
<status status="PASS" start="2024-02-06T14:42:47.552148" elapsed="0.005995"/>
</kw>
<kw name="Get Value From Json" owner="JSONLibrary">
<msg time="2024-02-06T14:42:47.713162" level="INFO">@{id_list} = [ 10064753 ]</msg>
<var>@{id_list}</var>
<arg>${json_resp}</arg>
<arg>id</arg>
<doc>Get Value From JSON using JSONPath</doc>
<status status="PASS" start="2024-02-06T14:42:47.560143" elapsed="0.154021"/>
</kw>
<kw name="Get From List" owner="Collections">
<msg time="2024-02-06T14:42:47.715162" level="INFO">${id} = 10064753</msg>
<var>${id}</var>
<arg>${id_list}</arg>
<arg>0</arg>
<doc>Returns the value specified with an ``index`` from ``list``.</doc>
<status status="PASS" start="2024-02-06T14:42:47.714164" elapsed="0.000998"/>
</kw>
<kw name="Log To Console" owner="BuiltIn">
<arg>${id}</arg>
<doc>Logs the given message to the console.</doc>
<status status="PASS" start="2024-02-06T14:42:47.715162" elapsed="0.001000"/>
</kw>
<kw name="Create Dictionary" owner="BuiltIn">
<msg time="2024-02-06T14:42:47.718155" level="INFO">${put_body} = {'id': 10064753, 'first_name': 'Abhimanyu', 'middle_name': 'Gauranga', 'last_name': 'Kumar', 'date_of_birth': '16/02/1997'}</msg>
<var>${put_body}</var>
<arg>id=${id}</arg>
<arg>first_name=${update_first_name}</arg>
<arg>middle_name=Gauranga</arg>
<arg>last_name=Kumar</arg>
<arg>date_of_birth=16/02/1997</arg>
<doc>Creates and returns a dictionary based on the given ``items``.</doc>
<status status="PASS" start="2024-02-06T14:42:47.717149" elapsed="0.001006"/>
</kw>
<kw name="Put Request" owner="RequestsLibrary">
<msg time="2024-02-06T14:42:47.719163" level="WARN">Keyword 'RequestsLibrary.Put Request' is deprecated. Please use `PUT On Session` instead.</msg>
<msg time="2024-02-06T14:42:47.842604" level="INFO">PUT Request : url=https://thetestingworldapi.com/api/studentsDetails/10064753 
 path_url=/api/studentsDetails/10064753 
 headers={'User-Agent': 'python-requests/2.31.0', 'Accept-Encoding': 'gzip, deflate', 'Accept': '*/*', 'Connection': 'keep-alive', 'Content-Type': 'application/json', 'Content-Length': '123'} 
 body={"id": 10064753, "first_name": "Abhimanyu", "middle_name": "Gauranga", "last_name": "Kumar", "date_of_birth": "16/02/1997"} 
 </msg>
<msg time="2024-02-06T14:42:47.842604" level="INFO">PUT Response : url=https://thetestingworldapi.com/api/studentsDetails/10064753 
 status=200, reason=OK 
 headers={'Cache-Control': 'no-cache', 'Pragma': 'no-cache', 'Content-Type': 'application/json; charset=utf-8', 'Expires': '-1', 'Server': 'Microsoft-IIS/10.0', 'X-AspNet-Version': '4.0.30319', 'X-Powered-By': 'ASP.NET', 'X-Powered-By-Plesk': 'PleskWin', 'Date': 'Tue, 06 Feb 2024 09:12:47 GMT', 'Content-Length': '46'} 
 body={"status":"true","msg":"update  data success"} 
 </msg>
<msg time="2024-02-06T14:42:47.843591" level="INFO">c:\python38\lib\site-packages\urllib3\connectionpool.py:1099: InsecureRequestWarning: Unverified HTTPS request is being made to host 'thetestingworldapi.com'. Adding certificate verification is strongly advised. See: https://urllib3.readthedocs.io/en/latest/advanced-usage.html#tls-warnings
  warnings.warn(</msg>
<msg time="2024-02-06T14:42:47.843591" level="INFO">${put_resp} = &lt;Response [200]&gt;</msg>
<var>${put_resp}</var>
<arg>E2E</arg>
<arg>api/studentsDetails/${id}</arg>
<arg>headers=${header}</arg>
<arg>data=${put_body}</arg>
<doc>*DEPRECATED* Please use `PUT On Session` instead.</doc>
<status status="PASS" start="2024-02-06T14:42:47.719163" elapsed="0.125431"/>
</kw>
<kw name="Log To Console" owner="BuiltIn">
<arg>${put_resp.status_code}</arg>
<doc>Logs the given message to the console.</doc>
<status status="PASS" start="2024-02-06T14:42:47.844594" elapsed="0.001993"/>
</kw>
<kw name="Log To Console" owner="BuiltIn">
<arg>${put_resp.content}</arg>
<doc>Logs the given message to the console.</doc>
<status status="PASS" start="2024-02-06T14:42:47.847598" elapsed="0.001991"/>
</kw>
<kw name="Should Be Equal As Numbers" owner="BuiltIn">
<msg time="2024-02-06T14:42:47.852589" level="INFO">Argument types are:
&lt;class 'int'&gt;
&lt;class 'str'&gt;</msg>
<arg>${put_resp.status_code}</arg>
<arg>200</arg>
<doc>Fails if objects are unequal after converting them to real numbers.</doc>
<status status="PASS" start="2024-02-06T14:42:47.850574" elapsed="0.002015"/>
</kw>
<kw name="To Json" owner="RequestsLibrary">
<msg time="2024-02-06T14:42:47.853589" level="WARN">Keyword 'RequestsLibrary.To Json' is deprecated. Please use ${resp.json()} instead. Have a look at the improved HTML output as pretty printing replacement.</msg>
<msg time="2024-02-06T14:42:47.855576" level="INFO">To JSON using : content={"status":"true","msg":"update  data success"} </msg>
<msg time="2024-02-06T14:42:47.855576" level="INFO">To JSON using : pretty_print=False </msg>
<msg time="2024-02-06T14:42:47.855576" level="INFO">${put_resp_json} = {'status': 'true', 'msg': 'update  data success'}</msg>
<var>${put_resp_json}</var>
<arg>${put_resp.content}</arg>
<doc>*DEPRECATED* Please use ${resp.json()} instead. Have a look at the improved HTML output as pretty printing replacement.</doc>
<status status="PASS" start="2024-02-06T14:42:47.853589" elapsed="0.001987"/>
</kw>
<kw name="Get Value From Json" owner="JSONLibrary">
<msg time="2024-02-06T14:42:47.995593" level="INFO">@{status_list} = [ true ]</msg>
<var>@{status_list}</var>
<arg>${put_resp_json}</arg>
<arg>status</arg>
<doc>Get Value From JSON using JSONPath</doc>
<status status="PASS" start="2024-02-06T14:42:47.856571" elapsed="0.139022"/>
</kw>
<kw name="Get From List" owner="Collections">
<msg time="2024-02-06T14:42:47.997580" level="INFO">${status} = true</msg>
<var>${status}</var>
<arg>${status_list}</arg>
<arg>0</arg>
<doc>Returns the value specified with an ``index`` from ``list``.</doc>
<status status="PASS" start="2024-02-06T14:42:47.996594" elapsed="0.000986"/>
</kw>
<kw name="Should Be Equal" owner="BuiltIn">
<arg>${status}</arg>
<arg>true</arg>
<doc>Fails if the given objects are unequal.</doc>
<status status="PASS" start="2024-02-06T14:42:47.998582" elapsed="0.001003"/>
</kw>
<kw name="Get Request" owner="RequestsLibrary">
<msg time="2024-02-06T14:42:48.000595" level="WARN">Keyword 'RequestsLibrary.Get Request' is deprecated. Please use `GET On Session` instead.</msg>
<msg time="2024-02-06T14:42:48.116951" level="INFO">GET Request : url=https://thetestingworldapi.com/api/studentsDetails/10064753 
 path_url=/api/studentsDetails/10064753 
 headers={'User-Agent': 'python-requests/2.31.0', 'Accept-Encoding': 'gzip, deflate', 'Accept': '*/*', 'Connection': 'keep-alive'} 
 body=None 
 </msg>
<msg time="2024-02-06T14:42:48.117949" level="INFO">GET Response : url=https://thetestingworldapi.com/api/studentsDetails/10064753 
 status=200, reason=OK 
 headers={'Cache-Control': 'no-cache', 'Pragma': 'no-cache', 'Content-Type': 'application/json; charset=utf-8', 'Expires': '-1', 'Server': 'Microsoft-IIS/10.0', 'X-AspNet-Version': '4.0.30319', 'X-Powered-By': 'ASP.NET', 'X-Powered-By-Plesk': 'PleskWin', 'Date': 'Tue, 06 Feb 2024 09:12:48 GMT', 'Content-Length': '139'} 
 body={"status":"true","data":{"id":10064753,"first_name":"Abhimanyu","middle_name":"Gauranga","last_name":"Kumar","date_of_birth":"16/02/1997"}} 
 </msg>
<msg time="2024-02-06T14:42:48.118944" level="INFO">c:\python38\lib\site-packages\urllib3\connectionpool.py:1099: InsecureRequestWarning: Unverified HTTPS request is being made to host 'thetestingworldapi.com'. Adding certificate verification is strongly advised. See: https://urllib3.readthedocs.io/en/latest/advanced-usage.html#tls-warnings
  warnings.warn(</msg>
<msg time="2024-02-06T14:42:48.118944" level="INFO">${get_response} = &lt;Response [200]&gt;</msg>
<var>${get_response}</var>
<arg>E2E</arg>
<arg>api/studentsDetails/${id}</arg>
<doc>*DEPRECATED* Please use `GET On Session` instead.</doc>
<status status="PASS" start="2024-02-06T14:42:48.000595" elapsed="0.119352"/>
</kw>
<kw name="Log To Console" owner="BuiltIn">
<arg>${get_response.content}</arg>
<doc>Logs the given message to the console.</doc>
<status status="PASS" start="2024-02-06T14:42:48.120945" elapsed="0.005002"/>
</kw>
<kw name="To Json" owner="RequestsLibrary">
<msg time="2024-02-06T14:42:48.126949" level="WARN">Keyword 'RequestsLibrary.To Json' is deprecated. Please use ${resp.json()} instead. Have a look at the improved HTML output as pretty printing replacement.</msg>
<msg time="2024-02-06T14:42:48.133959" level="INFO">To JSON using : content={"status":"true","data":{"id":10064753,"first_name":"Abhimanyu","middle_name":"Gauranga","last_name":"Kumar","date_of_birth":"16/02/1997"}} </msg>
<msg time="2024-02-06T14:42:48.133959" level="INFO">To JSON using : pretty_print=False </msg>
<msg time="2024-02-06T14:42:48.134950" level="INFO">${get_json} = {'status': 'true', 'data': {'id': 10064753, 'first_name': 'Abhimanyu', 'middle_name': 'Gauranga', 'last_name': 'Kumar', 'date_of_birth': '16/02/1997'}}</msg>
<var>${get_json}</var>
<arg>${get_response.content}</arg>
<doc>*DEPRECATED* Please use ${resp.json()} instead. Have a look at the improved HTML output as pretty printing replacement.</doc>
<status status="PASS" start="2024-02-06T14:42:48.126949" elapsed="0.008001"/>
</kw>
<kw name="Get Value From Json" owner="JSONLibrary">
<msg time="2024-02-06T14:42:48.220984" level="INFO">@{name_list} = [ Abhimanyu ]</msg>
<var>@{name_list}</var>
<arg>${get_json}</arg>
<arg>data.first_name</arg>
<doc>Get Value From JSON using JSONPath</doc>
<status status="PASS" start="2024-02-06T14:42:48.135948" elapsed="0.085036"/>
</kw>
<kw name="Get From List" owner="Collections">
<msg time="2024-02-06T14:42:48.221982" level="INFO">${first_name} = Abhimanyu</msg>
<var>${first_name}</var>
<arg>${name_list}</arg>
<arg>0</arg>
<doc>Returns the value specified with an ``index`` from ``list``.</doc>
<status status="PASS" start="2024-02-06T14:42:48.220984" elapsed="0.000998"/>
</kw>
<kw name="Should Be Equal" owner="BuiltIn">
<arg>${first_name}</arg>
<arg>Abhimanyu</arg>
<doc>Fails if the given objects are unequal.</doc>
<status status="PASS" start="2024-02-06T14:42:48.222983" elapsed="0.000996"/>
</kw>
<kw name="Get Value From Json" owner="JSONLibrary">
<msg time="2024-02-06T14:42:48.307958" level="INFO">@{m_name_list} = [ Gauranga ]</msg>
<var>@{m_name_list}</var>
<arg>${get_json}</arg>
<arg>data.middle_name</arg>
<doc>Get Value From JSON using JSONPath</doc>
<status status="PASS" start="2024-02-06T14:42:48.223979" elapsed="0.084980"/>
</kw>
<kw name="Get From List" owner="Collections">
<msg time="2024-02-06T14:42:48.310960" level="INFO">${middle_name} = Gauranga</msg>
<var>${middle_name}</var>
<arg>${m_name_list}</arg>
<arg>0</arg>
<doc>Returns the value specified with an ``index`` from ``list``.</doc>
<status status="PASS" start="2024-02-06T14:42:48.309968" elapsed="0.000992"/>
</kw>
<kw name="Should Be Equal" owner="BuiltIn">
<arg>${middle_name}</arg>
<arg>Gauranga</arg>
<doc>Fails if the given objects are unequal.</doc>
<status status="PASS" start="2024-02-06T14:42:48.310960" elapsed="0.000998"/>
</kw>
<kw name="Get Value From Json" owner="JSONLibrary">
<msg time="2024-02-06T14:42:48.386940" level="INFO">@{l_name_list} = [ Kumar ]</msg>
<var>@{l_name_list}</var>
<arg>${get_json}</arg>
<arg>data.last_name</arg>
<doc>Get Value From JSON using JSONPath</doc>
<status status="PASS" start="2024-02-06T14:42:48.312959" elapsed="0.073981"/>
</kw>
<kw name="Get From List" owner="Collections">
<msg time="2024-02-06T14:42:48.388944" level="INFO">${last_name} = Kumar</msg>
<var>${last_name}</var>
<arg>${l_name_list}</arg>
<arg>0</arg>
<doc>Returns the value specified with an ``index`` from ``list``.</doc>
<status status="PASS" start="2024-02-06T14:42:48.387942" elapsed="0.001002"/>
</kw>
<kw name="Should Be Equal" owner="BuiltIn">
<arg>${last_name}</arg>
<arg>Kumar</arg>
<doc>Fails if the given objects are unequal.</doc>
<status status="PASS" start="2024-02-06T14:42:48.389940" elapsed="0.000999"/>
</kw>
<status status="PASS" start="2024-02-06T14:42:47.148612" elapsed="1.242327"/>
</test>
<status status="PASS" start="2024-02-06T14:42:46.279574" elapsed="2.113371"/>
</suite>
<statistics>
<total>
<stat pass="1" fail="0" skip="0">All Tests</stat>
</total>
<tag>
</tag>
<suite>
<stat pass="1" fail="0" skip="0" id="s1" name="TC 006 E2E">TC 006 E2E</stat>
</suite>
</statistics>
<errors>
<msg time="2024-02-06T14:42:47.158611" level="WARN">Keyword 'RequestsLibrary.Post Request' is deprecated. Please use `POST On Session` instead.</msg>
<msg time="2024-02-06T14:42:47.552148" level="WARN">Keyword 'RequestsLibrary.To Json' is deprecated. Please use ${resp.json()} instead. Have a look at the improved HTML output as pretty printing replacement.</msg>
<msg time="2024-02-06T14:42:47.719163" level="WARN">Keyword 'RequestsLibrary.Put Request' is deprecated. Please use `PUT On Session` instead.</msg>
<msg time="2024-02-06T14:42:47.853589" level="WARN">Keyword 'RequestsLibrary.To Json' is deprecated. Please use ${resp.json()} instead. Have a look at the improved HTML output as pretty printing replacement.</msg>
<msg time="2024-02-06T14:42:48.000595" level="WARN">Keyword 'RequestsLibrary.Get Request' is deprecated. Please use `GET On Session` instead.</msg>
<msg time="2024-02-06T14:42:48.126949" level="WARN">Keyword 'RequestsLibrary.To Json' is deprecated. Please use ${resp.json()} instead. Have a look at the improved HTML output as pretty printing replacement.</msg>
</errors>
</robot>
