<?xml version="1.0" encoding="UTF-8"?>
<robot generator="Robot 7.0 (Python 3.8.2 on win32)" generated="2024-02-08T14:03:40.264511" rpa="false" schemaversion="5">
<suite id="s1" name="TC 007 Userdefined Keyword Testcase" source="C:\Users\hp\PycharmProjects\RobotAPIAutomation\TC_007_Userdefined_Keyword_Testcase.robot">
<test id="s1-t1" name="TC_007_END_TO_END" line="10">
<kw name="Create Session" owner="RequestsLibrary">
<msg time="2024-02-08T14:03:41.098355" level="INFO">Creating Session using : alias=End_To_End, url=https://thetestingworldapi.com/, headers={},                     cookies={}, auth=None, timeout=None, proxies=None, verify=False,                     debug=0 </msg>
<arg>End_To_End</arg>
<arg>${base_url}</arg>
<doc>Create Session: create a HTTP session to a server</doc>
<status status="PASS" start="2024-02-08T14:03:41.097356" elapsed="0.002001"/>
</kw>
<kw name="Create Dictionary" owner="BuiltIn">
<msg time="2024-02-08T14:03:41.101355" level="INFO">&amp;{header} = { Content-Type=application/json }</msg>
<var>&amp;{header}</var>
<arg>Content-Type=application/json</arg>
<doc>Creates and returns a dictionary based on the given ``items``.</doc>
<status status="PASS" start="2024-02-08T14:03:41.100355" elapsed="0.001000"/>
</kw>
<kw name="Create Dictionary" owner="BuiltIn">
<msg time="2024-02-08T14:03:41.102353" level="INFO">&amp;{body} = { first_name=Hello | middle_name=A | last_name=Kumar | date_of_birth=12/12/1997 }</msg>
<var>&amp;{body}</var>
<arg>first_name=${original_first_name}</arg>
<arg>middle_name=A</arg>
<arg>last_name=Kumar</arg>
<arg>date_of_birth=12/12/1997</arg>
<doc>Creates and returns a dictionary based on the given ``items``.</doc>
<status status="PASS" start="2024-02-08T14:03:41.101355" elapsed="0.000998"/>
</kw>
<kw name="Post Request" owner="RequestsLibrary">
<msg time="2024-02-08T14:03:41.103354" level="WARN">Keyword 'RequestsLibrary.Post Request' is deprecated. Please use `POST On Session` instead.</msg>
<msg time="2024-02-08T14:03:41.456443" level="INFO">POST Request : url=https://thetestingworldapi.com/api/studentsDetails 
 path_url=/api/studentsDetails 
 headers={'User-Agent': 'python-requests/2.31.0', 'Accept-Encoding': 'gzip, deflate', 'Accept': '*/*', 'Connection': 'keep-alive', 'Content-Type': 'application/json', 'Content-Length': '96'} 
 body={"first_name": "Hello", "middle_name": "A", "last_name": "Kumar", "date_of_birth": "12/12/1997"} 
 </msg>
<msg time="2024-02-08T14:03:41.457444" level="INFO">POST Response : url=https://thetestingworldapi.com/api/studentsDetails 
 status=201, reason=Created 
 headers={'Cache-Control': 'no-cache', 'Pragma': 'no-cache', 'Content-Type': 'application/json; charset=utf-8', 'Expires': '-1', 'Location': 'https://thetestingworldapi.com/api/studentsDetails/10065158', 'Server': 'Microsoft-IIS/10.0', 'X-AspNet-Version': '4.0.30319', 'X-Powered-By': 'ASP.NET', 'X-Powered-By-Plesk': 'PleskWin', 'Date': 'Thu, 08 Feb 2024 08:33:41 GMT', 'Content-Length': '103'} 
 body={"id":10065158,"first_name":"Hello","middle_name":"A","last_name":"Kumar","date_of_birth":"12/12/1997"} 
 </msg>
<msg time="2024-02-08T14:03:41.457444" level="INFO">c:\python38\lib\site-packages\urllib3\connectionpool.py:1099: InsecureRequestWarning: Unverified HTTPS request is being made to host 'thetestingworldapi.com'. Adding certificate verification is strongly advised. See: https://urllib3.readthedocs.io/en/latest/advanced-usage.html#tls-warnings
  warnings.warn(</msg>
<msg time="2024-02-08T14:03:41.458438" level="INFO">${post_response} = &lt;Response [201]&gt;</msg>
<var>${post_response}</var>
<arg>End_To_End</arg>
<arg>api/studentsDetails</arg>
<arg>headers=${header}</arg>
<arg>data=${body}</arg>
<doc>*DEPRECATED* Please use `POST On Session` instead.</doc>
<status status="PASS" start="2024-02-08T14:03:41.103354" elapsed="0.355084"/>
</kw>
<kw name="To Json" owner="RequestsLibrary">
<msg time="2024-02-08T14:03:41.460438" level="WARN">Keyword 'RequestsLibrary.To Json' is deprecated. Please use ${resp.json()} instead. Have a look at the improved HTML output as pretty printing replacement.</msg>
<msg time="2024-02-08T14:03:41.465439" level="INFO">To JSON using : content={"id":10065158,"first_name":"Hello","middle_name":"A","last_name":"Kumar","date_of_birth":"12/12/1997"} </msg>
<msg time="2024-02-08T14:03:41.465439" level="INFO">To JSON using : pretty_print=False </msg>
<msg time="2024-02-08T14:03:41.466415" level="INFO">${json_response} = {'id': 10065158, 'first_name': 'Hello', 'middle_name': 'A', 'last_name': 'Kumar', 'date_of_birth': '12/12/1997'}</msg>
<var>${json_response}</var>
<arg>${post_response.content}</arg>
<doc>*DEPRECATED* Please use ${resp.json()} instead. Have a look at the improved HTML output as pretty printing replacement.</doc>
<status status="PASS" start="2024-02-08T14:03:41.460438" elapsed="0.006968"/>
</kw>
<kw name="Get Value From Json" owner="JSONLibrary">
<msg time="2024-02-08T14:03:41.612414" level="INFO">@{id_list} = [ 10065158 ]</msg>
<var>@{id_list}</var>
<arg>${json_response}</arg>
<arg>id</arg>
<doc>Get Value From JSON using JSONPath</doc>
<status status="PASS" start="2024-02-08T14:03:41.468439" elapsed="0.143975"/>
</kw>
<kw name="Log To Console" owner="BuiltIn">
<arg>${id_list}</arg>
<doc>Logs the given message to the console.</doc>
<status status="PASS" start="2024-02-08T14:03:41.613418" elapsed="0.000997"/>
</kw>
<kw name="Get From List" owner="Collections">
<msg time="2024-02-08T14:03:41.615443" level="INFO">${id} = 10065158</msg>
<var>${id}</var>
<arg>${id_list}</arg>
<arg>0</arg>
<doc>Returns the value specified with an ``index`` from ``list``.</doc>
<status status="PASS" start="2024-02-08T14:03:41.614415" elapsed="0.001028"/>
</kw>
<kw name="Log To Console" owner="BuiltIn">
<arg>${id}</arg>
<doc>Logs the given message to the console.</doc>
<status status="PASS" start="2024-02-08T14:03:41.616415" elapsed="0.000000"/>
</kw>
<kw name="Create Dictionary" owner="BuiltIn">
<msg time="2024-02-08T14:03:41.618425" level="INFO">&amp;{body} = { id=10065158 | first_name=Abhimanyu | middle_name=Gauranga | last_name=Kumar | date_of_birth=16/12/1997 }</msg>
<var>&amp;{body}</var>
<arg>id=${id}</arg>
<arg>first_name=${update_first_name}</arg>
<arg>middle_name=Gauranga</arg>
<arg>last_name=Kumar</arg>
<arg>date_of_birth=16/12/1997</arg>
<doc>Creates and returns a dictionary based on the given ``items``.</doc>
<status status="PASS" start="2024-02-08T14:03:41.617399" elapsed="0.001026"/>
</kw>
<kw name="Put Request" owner="RequestsLibrary">
<msg time="2024-02-08T14:03:41.619416" level="WARN">Keyword 'RequestsLibrary.Put Request' is deprecated. Please use `PUT On Session` instead.</msg>
<msg time="2024-02-08T14:03:41.646400" level="INFO">PUT Request : url=https://thetestingworldapi.com/api/studentsDetails/10065158 
 path_url=/api/studentsDetails/10065158 
 headers={'User-Agent': 'python-requests/2.31.0', 'Accept-Encoding': 'gzip, deflate', 'Accept': '*/*', 'Connection': 'keep-alive', 'Content-Type': 'application/json', 'Content-Length': '123'} 
 body={"id": 10065158, "first_name": "Abhimanyu", "middle_name": "Gauranga", "last_name": "Kumar", "date_of_birth": "16/12/1997"} 
 </msg>
<msg time="2024-02-08T14:03:41.647405" level="INFO">PUT Response : url=https://thetestingworldapi.com/api/studentsDetails/10065158 
 status=200, reason=OK 
 headers={'Cache-Control': 'no-cache', 'Pragma': 'no-cache', 'Content-Type': 'application/json; charset=utf-8', 'Expires': '-1', 'Server': 'Microsoft-IIS/10.0', 'X-AspNet-Version': '4.0.30319', 'X-Powered-By': 'ASP.NET', 'X-Powered-By-Plesk': 'PleskWin', 'Date': 'Thu, 08 Feb 2024 08:33:41 GMT', 'Content-Length': '46'} 
 body={"status":"true","msg":"update  data success"} 
 </msg>
<msg time="2024-02-08T14:03:41.647405" level="INFO">c:\python38\lib\site-packages\urllib3\connectionpool.py:1099: InsecureRequestWarning: Unverified HTTPS request is being made to host 'thetestingworldapi.com'. Adding certificate verification is strongly advised. See: https://urllib3.readthedocs.io/en/latest/advanced-usage.html#tls-warnings
  warnings.warn(</msg>
<msg time="2024-02-08T14:03:41.647405" level="INFO">${put_response} = &lt;Response [200]&gt;</msg>
<var>${put_response}</var>
<arg>End_To_End</arg>
<arg>api/studentsDetails/${id}</arg>
<arg>headers=${header}</arg>
<arg>data=${body}</arg>
<doc>*DEPRECATED* Please use `PUT On Session` instead.</doc>
<status status="PASS" start="2024-02-08T14:03:41.619416" elapsed="0.028988"/>
</kw>
<kw name="Log To Console" owner="BuiltIn">
<arg>${put_response.content}</arg>
<doc>Logs the given message to the console.</doc>
<status status="PASS" start="2024-02-08T14:03:41.649407" elapsed="0.001999"/>
</kw>
<kw name="Log To Console" owner="BuiltIn">
<arg>${put_response.status_code}</arg>
<doc>Logs the given message to the console.</doc>
<status status="PASS" start="2024-02-08T14:03:41.652420" elapsed="0.001983"/>
</kw>
<kw name="Fetch Details and Validate">
<kw name="Get Request" owner="RequestsLibrary">
<msg time="2024-02-08T14:03:41.656405" level="WARN">Keyword 'RequestsLibrary.Get Request' is deprecated. Please use `GET On Session` instead.</msg>
<msg time="2024-02-08T14:03:41.671416" level="INFO">GET Request : url=https://thetestingworldapi.com/api/studentsDetails/10065158 
 path_url=/api/studentsDetails/10065158 
 headers={'User-Agent': 'python-requests/2.31.0', 'Accept-Encoding': 'gzip, deflate', 'Accept': '*/*', 'Connection': 'keep-alive'} 
 body=None 
 </msg>
<msg time="2024-02-08T14:03:41.671416" level="INFO">GET Response : url=https://thetestingworldapi.com/api/studentsDetails/10065158 
 status=200, reason=OK 
 headers={'Cache-Control': 'no-cache', 'Pragma': 'no-cache', 'Content-Type': 'application/json; charset=utf-8', 'Expires': '-1', 'Server': 'Microsoft-IIS/10.0', 'X-AspNet-Version': '4.0.30319', 'X-Powered-By': 'ASP.NET', 'X-Powered-By-Plesk': 'PleskWin', 'Date': 'Thu, 08 Feb 2024 08:33:41 GMT', 'Content-Length': '139'} 
 body={"status":"true","data":{"id":10065158,"first_name":"Abhimanyu","middle_name":"Gauranga","last_name":"Kumar","date_of_birth":"16/12/1997"}} 
 </msg>
<msg time="2024-02-08T14:03:41.672428" level="INFO">c:\python38\lib\site-packages\urllib3\connectionpool.py:1099: InsecureRequestWarning: Unverified HTTPS request is being made to host 'thetestingworldapi.com'. Adding certificate verification is strongly advised. See: https://urllib3.readthedocs.io/en/latest/advanced-usage.html#tls-warnings
  warnings.warn(</msg>
<msg time="2024-02-08T14:03:41.672428" level="INFO">${get_request} = &lt;Response [200]&gt;</msg>
<var>${get_request}</var>
<arg>End_To_End</arg>
<arg>api/studentsDetails/${studentId}</arg>
<doc>*DEPRECATED* Please use `GET On Session` instead.</doc>
<status status="PASS" start="2024-02-08T14:03:41.656405" elapsed="0.016023"/>
</kw>
<kw name="To Json" owner="RequestsLibrary">
<msg time="2024-02-08T14:03:41.673420" level="WARN">Keyword 'RequestsLibrary.To Json' is deprecated. Please use ${resp.json()} instead. Have a look at the improved HTML output as pretty printing replacement.</msg>
<msg time="2024-02-08T14:03:41.675437" level="INFO">To JSON using : content={"status":"true","data":{"id":10065158,"first_name":"Abhimanyu","middle_name":"Gauranga","last_name":"Kumar","date_of_birth":"16/12/1997"}} </msg>
<msg time="2024-02-08T14:03:41.675437" level="INFO">To JSON using : pretty_print=False </msg>
<msg time="2024-02-08T14:03:41.675437" level="INFO">${json_response} = {'status': 'true', 'data': {'id': 10065158, 'first_name': 'Abhimanyu', 'middle_name': 'Gauranga', 'last_name': 'Kumar', 'date_of_birth': '16/12/1997'}}</msg>
<var>${json_response}</var>
<arg>${get_request.content}</arg>
<doc>*DEPRECATED* Please use ${resp.json()} instead. Have a look at the improved HTML output as pretty printing replacement.</doc>
<status status="PASS" start="2024-02-08T14:03:41.673420" elapsed="0.002998"/>
</kw>
<kw name="Get Value From Json" owner="JSONLibrary">
<msg time="2024-02-08T14:03:41.750411" level="INFO">@{Lfirst_name} = [ Abhimanyu ]</msg>
<var>@{Lfirst_name}</var>
<arg>${json_response}</arg>
<arg>data.first_name</arg>
<doc>Get Value From JSON using JSONPath</doc>
<status status="PASS" start="2024-02-08T14:03:41.676418" elapsed="0.074996"/>
</kw>
<kw name="Get From List" owner="Collections">
<msg time="2024-02-08T14:03:41.752414" level="INFO">${first_name} = Abhimanyu</msg>
<var>${first_name}</var>
<arg>${Lfirst_name}</arg>
<arg>0</arg>
<doc>Returns the value specified with an ``index`` from ``list``.</doc>
<status status="PASS" start="2024-02-08T14:03:41.751414" elapsed="0.001000"/>
</kw>
<kw name="Should Be Equal" owner="BuiltIn">
<arg>${first_name}</arg>
<arg>${update_first_name}</arg>
<doc>Fails if the given objects are unequal.</doc>
<status status="PASS" start="2024-02-08T14:03:41.752414" elapsed="0.000999"/>
</kw>
<arg>${id}</arg>
<status status="PASS" start="2024-02-08T14:03:41.655408" elapsed="0.098005"/>
</kw>
<kw name="Delete Request" owner="RequestsLibrary">
<msg time="2024-02-08T14:03:41.754413" level="WARN">Keyword 'RequestsLibrary.Delete Request' is deprecated. Please use `DELETE On Session` instead.</msg>
<msg time="2024-02-08T14:03:41.768437" level="INFO">DELETE Request : url=https://thetestingworldapi.com/api/studentsDetails/10065158 
 path_url=/api/studentsDetails/10065158 
 headers={'User-Agent': 'python-requests/2.31.0', 'Accept-Encoding': 'gzip, deflate', 'Accept': '*/*', 'Connection': 'keep-alive', 'Content-Length': '0'} 
 body=None 
 </msg>
<msg time="2024-02-08T14:03:41.768437" level="INFO">DELETE Response : url=https://thetestingworldapi.com/api/studentsDetails/10065158 
 status=200, reason=OK 
 headers={'Cache-Control': 'no-cache', 'Pragma': 'no-cache', 'Content-Type': 'application/json; charset=utf-8', 'Expires': '-1', 'Server': 'Microsoft-IIS/10.0', 'X-AspNet-Version': '4.0.30319', 'X-Powered-By': 'ASP.NET', 'X-Powered-By-Plesk': 'PleskWin', 'Date': 'Thu, 08 Feb 2024 08:33:41 GMT', 'Content-Length': '46'} 
 body={"status":"true","msg":"Delete  data success"} 
 </msg>
<msg time="2024-02-08T14:03:41.769438" level="INFO">c:\python38\lib\site-packages\urllib3\connectionpool.py:1099: InsecureRequestWarning: Unverified HTTPS request is being made to host 'thetestingworldapi.com'. Adding certificate verification is strongly advised. See: https://urllib3.readthedocs.io/en/latest/advanced-usage.html#tls-warnings
  warnings.warn(</msg>
<msg time="2024-02-08T14:03:41.769438" level="INFO">${delete_response} = &lt;Response [200]&gt;</msg>
<var>${delete_response}</var>
<arg>End_To_End</arg>
<arg>api/studentsDetails/${id}</arg>
<doc>*DEPRECATED* Please use `DELETE On Session` instead.</doc>
<status status="PASS" start="2024-02-08T14:03:41.754413" elapsed="0.015025"/>
</kw>
<kw name="Log To Console" owner="BuiltIn">
<arg>${delete_response.status_code}</arg>
<doc>Logs the given message to the console.</doc>
<status status="PASS" start="2024-02-08T14:03:41.770444" elapsed="0.001999"/>
</kw>
<kw name="Log To Console" owner="BuiltIn">
<arg>${delete_response.content}</arg>
<doc>Logs the given message to the console.</doc>
<status status="PASS" start="2024-02-08T14:03:41.773407" elapsed="0.002039"/>
</kw>
<kw name="To Json" owner="RequestsLibrary">
<msg time="2024-02-08T14:03:41.776409" level="WARN">Keyword 'RequestsLibrary.To Json' is deprecated. Please use ${resp.json()} instead. Have a look at the improved HTML output as pretty printing replacement.</msg>
<msg time="2024-02-08T14:03:41.779412" level="INFO">To JSON using : content={"status":"true","msg":"Delete  data success"} </msg>
<msg time="2024-02-08T14:03:41.779412" level="INFO">To JSON using : pretty_print=False </msg>
<msg time="2024-02-08T14:03:41.780403" level="INFO">${json_delete} = {'status': 'true', 'msg': 'Delete  data success'}</msg>
<var>${json_delete}</var>
<arg>${delete_response.content}</arg>
<doc>*DEPRECATED* Please use ${resp.json()} instead. Have a look at the improved HTML output as pretty printing replacement.</doc>
<status status="PASS" start="2024-02-08T14:03:41.776409" elapsed="0.003994"/>
</kw>
<kw name="Get Value From Json" owner="JSONLibrary">
<msg time="2024-02-08T14:03:41.857415" level="INFO">@{Message} = [ true ]</msg>
<var>@{Message}</var>
<arg>${json_delete}</arg>
<arg>status</arg>
<doc>Get Value From JSON using JSONPath</doc>
<status status="PASS" start="2024-02-08T14:03:41.781440" elapsed="0.075975"/>
</kw>
<kw name="Get From List" owner="Collections">
<msg time="2024-02-08T14:03:41.858418" level="INFO">${statusM} = true</msg>
<var>${statusM}</var>
<arg>${Message}</arg>
<arg>0</arg>
<doc>Returns the value specified with an ``index`` from ``list``.</doc>
<status status="PASS" start="2024-02-08T14:03:41.858418" elapsed="0.000000"/>
</kw>
<kw name="Should Be Equal" owner="BuiltIn">
<arg>${statusM}</arg>
<arg>true</arg>
<doc>Fails if the given objects are unequal.</doc>
<status status="PASS" start="2024-02-08T14:03:41.859415" elapsed="0.000000"/>
</kw>
<status status="PASS" start="2024-02-08T14:03:41.094348" elapsed="0.766067"/>
</test>
<status status="PASS" start="2024-02-08T14:03:40.271504" elapsed="1.590909"/>
</suite>
<statistics>
<total>
<stat pass="1" fail="0" skip="0">All Tests</stat>
</total>
<tag>
</tag>
<suite>
<stat pass="1" fail="0" skip="0" id="s1" name="TC 007 Userdefined Keyword Testcase">TC 007 Userdefined Keyword Testcase</stat>
</suite>
</statistics>
<errors>
<msg time="2024-02-08T14:03:41.103354" level="WARN">Keyword 'RequestsLibrary.Post Request' is deprecated. Please use `POST On Session` instead.</msg>
<msg time="2024-02-08T14:03:41.460438" level="WARN">Keyword 'RequestsLibrary.To Json' is deprecated. Please use ${resp.json()} instead. Have a look at the improved HTML output as pretty printing replacement.</msg>
<msg time="2024-02-08T14:03:41.619416" level="WARN">Keyword 'RequestsLibrary.Put Request' is deprecated. Please use `PUT On Session` instead.</msg>
<msg time="2024-02-08T14:03:41.656405" level="WARN">Keyword 'RequestsLibrary.Get Request' is deprecated. Please use `GET On Session` instead.</msg>
<msg time="2024-02-08T14:03:41.673420" level="WARN">Keyword 'RequestsLibrary.To Json' is deprecated. Please use ${resp.json()} instead. Have a look at the improved HTML output as pretty printing replacement.</msg>
<msg time="2024-02-08T14:03:41.754413" level="WARN">Keyword 'RequestsLibrary.Delete Request' is deprecated. Please use `DELETE On Session` instead.</msg>
<msg time="2024-02-08T14:03:41.776409" level="WARN">Keyword 'RequestsLibrary.To Json' is deprecated. Please use ${resp.json()} instead. Have a look at the improved HTML output as pretty printing replacement.</msg>
</errors>
</robot>
